2017-05-14 08:20:51.2290 ##teamcity[message text='mode=cinemareleasesoftheweek']
2017-05-14 08:21:01.1421 **** page 0
2017-05-14 08:21:07.3823  cinema with url: http://www.allocine.fr//film/fichefilm_gen_cfilm=208314.html
2017-05-14 08:21:08.2456  launch constructor builds
2017-05-14 08:21:12.5425 Build award page
2017-05-14 08:21:12.5669 Not palmares page...
2017-05-14 08:21:12.5669 Build seance page
2017-05-14 08:21:22.1499 pattern //nav[contains(@class,'pagination cf')]//a[contains(@class,'button')] | span[contains(@class,'button')] doesn't match
2017-05-14 08:21:22.1499 GetRooms by url used
2017-05-14 21:12:49.1206 ##teamcity[message text='complete-note-movie-on-display']
2017-05-14 21:16:58.2378 movie : Sarkar 3 index : 2 
2017-05-14 21:17:21.2387 movie : Alien: Covenant index : 3 
2017-05-14 21:17:42.6011 movie : Problemos index : 4 
2017-05-14 21:18:04.9565 movie : Vive la crise ! index : 5 
2017-05-14 21:18:26.9438 movie : Sayônara index : 6 
2017-05-14 21:18:48.6391 movie : Little Boy index : 7 
2017-05-14 21:20:58.4643 movie : 14 ans, premier amour index : 9 
2017-05-14 21:21:21.1939 movie : Un Monde entre nous index : 10 
2017-05-14 21:22:03.7436 movie : Soleils index : 11 
2017-05-14 21:22:25.5220 movie : Un avant-poste du progrès index : 12 
2017-05-14 21:22:47.6177 movie : Le Christ aveugle index : 13 
2017-05-14 21:23:09.2505 movie : Message from the King index : 14 
2017-05-14 21:23:32.0737 movie : Le Chanteur de Gaza index : 15 
2017-05-14 21:24:15.0590 movie : Outsider index : 16 
2017-05-14 21:24:36.6743 movie : Molly Monster index : 17 
2017-05-14 21:25:19.5151 movie : André index : 18 
2017-05-14 21:27:30.3813 movie : Une Famille heureuse index : 20 
2017-05-14 21:27:52.5913 movie : Souffler plus fort que la mer index : 21 
2017-05-14 21:28:14.5229 movie : I Am Not Your Negro index : 22 
2017-05-14 21:32:14.8726 movie : Voyage of Time : Au fil de la vie index : 25 
2017-05-14 21:34:28.0864 movie : Tunnel index : 27 
2017-05-14 21:38:27.4409 movie : Braquage à l'ancienne index : 30 
2017-05-14 21:39:10.2876 movie : Album de famille index : 31 
2017-05-14 21:39:32.3383 movie : Emily Dickinson, A Quiet Passion index : 32 
2017-05-14 21:40:16.5611 movie : Les Pieds sur terre index : 33 
2017-05-14 21:42:27.4956 movie : En amont du fleuve index : 35 
2017-05-14 21:42:49.5200 movie : On l’appelle Jeeg Robot index : 36 
2017-05-14 21:43:11.4429 movie : De toutes mes forces index : 37 
2017-05-14 21:43:33.6743 movie : Get Out index : 38 
2017-05-14 21:43:55.5649 movie : Ana Nojoom bent alasherah wamotalagah index : 39 
2017-05-14 21:44:18.3208 movie : Rio Corgo index : 40 
2017-05-14 21:45:02.1957 movie : Vivre vite index : 41 
2017-05-14 21:45:45.1910 movie : Virages index : 42 
2017-05-14 21:46:08.3442 movie : German Angst index : 43 
2017-05-14 21:46:29.9165 movie : The Similars index : 44 
2017-05-14 21:47:13.9341 movie : Cagliostro index : 45 
2017-05-14 21:47:35.3354 movie : Loev index : 46 
2017-05-14 21:47:57.6284 movie : Baahubali 2 : La Conclusion index : 47 
2017-05-14 21:48:20.2876 movie : Les Gardiens de la Galaxie 2 index : 48 
2017-05-14 21:48:42.6264 movie : Le Procès du siècle index : 49 
2017-05-14 21:49:03.9917 movie : Django index : 50 
2017-05-14 21:49:25.6880 movie : One Kiss index : 51 
2017-05-14 21:49:47.4429 movie : La Morsure des Dieux index : 52 
2017-05-14 21:50:10.1684 movie : K.O. - Bleed For This index : 53 
2017-05-14 21:50:31.6099 movie : Salut l'artiste index : 54 
2017-05-14 21:50:53.6479 movie : Les Vécés étaient fermés de l'intérieur index : 55 
2017-05-14 21:51:15.1362 movie : Une douce révolte index : 56 
2017-05-14 21:51:36.8716 movie : Aurore index : 57 
2017-05-14 21:51:58.3638 movie : Après la tempête index : 58 
2017-05-14 21:52:43.4164 movie : Entretien avec Jean Croque index : 59 
2017-05-14 21:53:05.8286 movie : Avant le déluge index : 60 
2017-05-14 21:53:27.7583 movie : Adieu Mandalay index : 61 
2017-05-14 21:53:49.8325 movie : Mister Universo index : 62 
2017-05-14 21:54:12.9273 movie : À mon âge je me cache encore pour fumer index : 63 
2017-05-14 21:54:34.5298 movie : Jour J index : 64 
2017-05-14 21:54:56.5194 movie : La Colère d’un homme patient index : 65 
2017-05-14 21:58:55.2837 movie : Détenu en attente de jugement index : 68 
2017-05-14 21:59:17.1303 movie : The Charles Bukowski Tapes index : 69 
2017-05-14 22:00:43.8979 movie : Anna index : 70 
2017-05-14 22:01:05.8999 movie : Vengeance: A Love Story index : 71 
2017-05-14 22:03:15.5356 movie : Mythica 3: The Necromancer index : 73 
2017-05-14 22:03:58.9898 movie : Little Boxes index : 74 
2017-05-14 22:04:20.2710 movie : Gold index : 75 
2017-05-14 22:04:41.6616 movie : 11 minutes index : 76 
2017-05-14 22:05:03.9741 movie : Jonction 48 index : 77 
2017-05-14 22:05:25.6157 movie : Mes vies de chien index : 78 
2017-05-14 22:07:35.5298 movie : Wedding Doll index : 80 
2017-05-14 22:07:58.0063 movie : Sous le même toit index : 81 
2017-05-14 22:08:19.5415 movie : Glory index : 82 
2017-05-14 22:08:40.9605 movie : Les Initiés index : 83 
2017-05-14 22:09:02.2046 movie : Nostos index : 84 
2017-05-14 22:11:02.0913 Error : OpenQA.Selenium.ElementNotVisibleException: element not visible
  (Session info: chrome=57.0.2987.133)
  (Driver info: chromedriver=2.27.440174 (e97a722caafc2d3a8b807ee115bfb307f7d2cfd9),platform=Windows NT 6.3.9600 x86_64)
   at OpenQA.Selenium.Remote.RemoteWebDriver.UnpackAndThrowOnError(Response errorResponse)
   at OpenQA.Selenium.Remote.RemoteWebDriver.Execute(String driverCommandToExecute, Dictionary`2 parameters)
   at OpenQA.Selenium.Remote.RemoteWebElement.Click()
   at BatchCompletor.MoviesNotes.GoogleMovieWebPageParser.TryLoad(IWebDriver driver, String keys) in C:\Users\Administrator\Source\Repos\CineBot\BatchCompletor\MoviesNotes\GoogleMovieWebPageParser.cs:line 95
   at BatchCompletor.MoviesNotes.GoogleMovieWebPageParser.<>c__DisplayClass3_0.<Parse>b__1(<>f__AnonymousType0`2 movie) in C:\Users\Administrator\Source\Repos\CineBot\BatchCompletor\MoviesNotes\GoogleMovieWebPageParser.cs:line 44
2017-05-14 22:11:13.6792 Error : OpenQA.Selenium.ElementNotVisibleException: element not visible
  (Session info: chrome=57.0.2987.133)
  (Driver info: chromedriver=2.27.440174 (e97a722caafc2d3a8b807ee115bfb307f7d2cfd9),platform=Windows NT 6.3.9600 x86_64)
   at OpenQA.Selenium.Remote.RemoteWebDriver.UnpackAndThrowOnError(Response errorResponse)
   at OpenQA.Selenium.Remote.RemoteWebDriver.Execute(String driverCommandToExecute, Dictionary`2 parameters)
   at OpenQA.Selenium.Remote.RemoteWebElement.Click()
   at BatchCompletor.MoviesNotes.GoogleMovieWebPageParser.TryLoad(IWebDriver driver, String keys) in C:\Users\Administrator\Source\Repos\CineBot\BatchCompletor\MoviesNotes\GoogleMovieWebPageParser.cs:line 95
   at BatchCompletor.MoviesNotes.GoogleMovieWebPageParser.<>c__DisplayClass3_0.<Parse>b__1(<>f__AnonymousType0`2 movie) in C:\Users\Administrator\Source\Repos\CineBot\BatchCompletor\MoviesNotes\GoogleMovieWebPageParser.cs:line 44
2017-05-14 22:11:24.2886 Error : OpenQA.Selenium.ElementNotVisibleException: element not visible
  (Session info: chrome=57.0.2987.133)
  (Driver info: chromedriver=2.27.440174 (e97a722caafc2d3a8b807ee115bfb307f7d2cfd9),platform=Windows NT 6.3.9600 x86_64)
   at OpenQA.Selenium.Remote.RemoteWebDriver.UnpackAndThrowOnError(Response errorResponse)
   at OpenQA.Selenium.Remote.RemoteWebDriver.Execute(String driverCommandToExecute, Dictionary`2 parameters)
   at OpenQA.Selenium.Remote.RemoteWebElement.Click()
   at BatchCompletor.MoviesNotes.GoogleMovieWebPageParser.TryLoad(IWebDriver driver, String keys) in C:\Users\Administrator\Source\Repos\CineBot\BatchCompletor\MoviesNotes\GoogleMovieWebPageParser.cs:line 95
   at BatchCompletor.MoviesNotes.GoogleMovieWebPageParser.<>c__DisplayClass3_0.<Parse>b__1(<>f__AnonymousType0`2 movie) in C:\Users\Administrator\Source\Repos\CineBot\BatchCompletor\MoviesNotes\GoogleMovieWebPageParser.cs:line 44
2017-05-14 22:11:34.8462 Error : OpenQA.Selenium.ElementNotVisibleException: element not visible
  (Session info: chrome=57.0.2987.133)
  (Driver info: chromedriver=2.27.440174 (e97a722caafc2d3a8b807ee115bfb307f7d2cfd9),platform=Windows NT 6.3.9600 x86_64)
   at OpenQA.Selenium.Remote.RemoteWebDriver.UnpackAndThrowOnError(Response errorResponse)
   at OpenQA.Selenium.Remote.RemoteWebDriver.Execute(String driverCommandToExecute, Dictionary`2 parameters)
   at OpenQA.Selenium.Remote.RemoteWebElement.Click()
   at BatchCompletor.MoviesNotes.GoogleMovieWebPageParser.TryLoad(IWebDriver driver, String keys) in C:\Users\Administrator\Source\Repos\CineBot\BatchCompletor\MoviesNotes\GoogleMovieWebPageParser.cs:line 95
   at BatchCompletor.MoviesNotes.GoogleMovieWebPageParser.<>c__DisplayClass3_0.<Parse>b__1(<>f__AnonymousType0`2 movie) in C:\Users\Administrator\Source\Repos\CineBot\BatchCompletor\MoviesNotes\GoogleMovieWebPageParser.cs:line 44
2017-05-14 22:11:56.1684 movie : Retour à Forbach index : 90 
2017-05-14 22:12:07.1040 Error : OpenQA.Selenium.ElementNotVisibleException: element not visible
  (Session info: chrome=57.0.2987.133)
  (Driver info: chromedriver=2.27.440174 (e97a722caafc2d3a8b807ee115bfb307f7d2cfd9),platform=Windows NT 6.3.9600 x86_64)
   at OpenQA.Selenium.Remote.RemoteWebDriver.UnpackAndThrowOnError(Response errorResponse)
   at OpenQA.Selenium.Remote.RemoteWebDriver.Execute(String driverCommandToExecute, Dictionary`2 parameters)
   at OpenQA.Selenium.Remote.RemoteWebElement.Click()
   at BatchCompletor.MoviesNotes.GoogleMovieWebPageParser.TryLoad(IWebDriver driver, String keys) in C:\Users\Administrator\Source\Repos\CineBot\BatchCompletor\MoviesNotes\GoogleMovieWebPageParser.cs:line 95
   at BatchCompletor.MoviesNotes.GoogleMovieWebPageParser.<>c__DisplayClass3_0.<Parse>b__1(<>f__AnonymousType0`2 movie) in C:\Users\Administrator\Source\Repos\CineBot\BatchCompletor\MoviesNotes\GoogleMovieWebPageParser.cs:line 44
2017-05-14 22:12:17.7202 Error : OpenQA.Selenium.ElementNotVisibleException: element not visible
  (Session info: chrome=57.0.2987.133)
  (Driver info: chromedriver=2.27.440174 (e97a722caafc2d3a8b807ee115bfb307f7d2cfd9),platform=Windows NT 6.3.9600 x86_64)
   at OpenQA.Selenium.Remote.RemoteWebDriver.UnpackAndThrowOnError(Response errorResponse)
   at OpenQA.Selenium.Remote.RemoteWebDriver.Execute(String driverCommandToExecute, Dictionary`2 parameters)
   at OpenQA.Selenium.Remote.RemoteWebElement.Click()
   at BatchCompletor.MoviesNotes.GoogleMovieWebPageParser.TryLoad(IWebDriver driver, String keys) in C:\Users\Administrator\Source\Repos\CineBot\BatchCompletor\MoviesNotes\GoogleMovieWebPageParser.cs:line 95
   at BatchCompletor.MoviesNotes.GoogleMovieWebPageParser.<>c__DisplayClass3_0.<Parse>b__1(<>f__AnonymousType0`2 movie) in C:\Users\Administrator\Source\Repos\CineBot\BatchCompletor\MoviesNotes\GoogleMovieWebPageParser.cs:line 44
2017-05-14 22:12:28.3228 Error : OpenQA.Selenium.ElementNotVisibleException: element not visible
  (Session info: chrome=57.0.2987.133)
  (Driver info: chromedriver=2.27.440174 (e97a722caafc2d3a8b807ee115bfb307f7d2cfd9),platform=Windows NT 6.3.9600 x86_64)
   at OpenQA.Selenium.Remote.RemoteWebDriver.UnpackAndThrowOnError(Response errorResponse)
   at OpenQA.Selenium.Remote.RemoteWebDriver.Execute(String driverCommandToExecute, Dictionary`2 parameters)
   at OpenQA.Selenium.Remote.RemoteWebElement.Click()
   at BatchCompletor.MoviesNotes.GoogleMovieWebPageParser.TryLoad(IWebDriver driver, String keys) in C:\Users\Administrator\Source\Repos\CineBot\BatchCompletor\MoviesNotes\GoogleMovieWebPageParser.cs:line 95
   at BatchCompletor.MoviesNotes.GoogleMovieWebPageParser.<>c__DisplayClass3_0.<Parse>b__1(<>f__AnonymousType0`2 movie) in C:\Users\Administrator\Source\Repos\CineBot\BatchCompletor\MoviesNotes\GoogleMovieWebPageParser.cs:line 44
2017-05-14 22:12:38.9770 Error : OpenQA.Selenium.ElementNotVisibleException: element not visible
  (Session info: chrome=57.0.2987.133)
  (Driver info: chromedriver=2.27.440174 (e97a722caafc2d3a8b807ee115bfb307f7d2cfd9),platform=Windows NT 6.3.9600 x86_64)
   at OpenQA.Selenium.Remote.RemoteWebDriver.UnpackAndThrowOnError(Response errorResponse)
   at OpenQA.Selenium.Remote.RemoteWebDriver.Execute(String driverCommandToExecute, Dictionary`2 parameters)
   at OpenQA.Selenium.Remote.RemoteWebElement.Click()
   at BatchCompletor.MoviesNotes.GoogleMovieWebPageParser.TryLoad(IWebDriver driver, String keys) in C:\Users\Administrator\Source\Repos\CineBot\BatchCompletor\MoviesNotes\GoogleMovieWebPageParser.cs:line 95
   at BatchCompletor.MoviesNotes.GoogleMovieWebPageParser.<>c__DisplayClass3_0.<Parse>b__1(<>f__AnonymousType0`2 movie) in C:\Users\Administrator\Source\Repos\CineBot\BatchCompletor\MoviesNotes\GoogleMovieWebPageParser.cs:line 44
2017-05-14 22:13:00.3325 movie : Power Paandi index : 95 
2017-05-14 22:13:11.2124 Error : OpenQA.Selenium.ElementNotVisibleException: element not visible
  (Session info: chrome=57.0.2987.133)
  (Driver info: chromedriver=2.27.440174 (e97a722caafc2d3a8b807ee115bfb307f7d2cfd9),platform=Windows NT 6.3.9600 x86_64)
   at OpenQA.Selenium.Remote.RemoteWebDriver.UnpackAndThrowOnError(Response errorResponse)
   at OpenQA.Selenium.Remote.RemoteWebDriver.Execute(String driverCommandToExecute, Dictionary`2 parameters)
   at OpenQA.Selenium.Remote.RemoteWebElement.Click()
   at BatchCompletor.MoviesNotes.GoogleMovieWebPageParser.TryLoad(IWebDriver driver, String keys) in C:\Users\Administrator\Source\Repos\CineBot\BatchCompletor\MoviesNotes\GoogleMovieWebPageParser.cs:line 95
   at BatchCompletor.MoviesNotes.GoogleMovieWebPageParser.<>c__DisplayClass3_0.<Parse>b__1(<>f__AnonymousType0`2 movie) in C:\Users\Administrator\Source\Repos\CineBot\BatchCompletor\MoviesNotes\GoogleMovieWebPageParser.cs:line 44
2017-05-14 22:13:22.9009 Error : OpenQA.Selenium.ElementNotVisibleException: element not visible
  (Session info: chrome=57.0.2987.133)
  (Driver info: chromedriver=2.27.440174 (e97a722caafc2d3a8b807ee115bfb307f7d2cfd9),platform=Windows NT 6.3.9600 x86_64)
   at OpenQA.Selenium.Remote.RemoteWebDriver.UnpackAndThrowOnError(Response errorResponse)
   at OpenQA.Selenium.Remote.RemoteWebDriver.Execute(String driverCommandToExecute, Dictionary`2 parameters)
   at OpenQA.Selenium.Remote.RemoteWebElement.Click()
   at BatchCompletor.MoviesNotes.GoogleMovieWebPageParser.TryLoad(IWebDriver driver, String keys) in C:\Users\Administrator\Source\Repos\CineBot\BatchCompletor\MoviesNotes\GoogleMovieWebPageParser.cs:line 95
   at BatchCompletor.MoviesNotes.GoogleMovieWebPageParser.<>c__DisplayClass3_0.<Parse>b__1(<>f__AnonymousType0`2 movie) in C:\Users\Administrator\Source\Repos\CineBot\BatchCompletor\MoviesNotes\GoogleMovieWebPageParser.cs:line 44
2017-05-14 22:13:44.2183 movie : C'est beau la vie quand on y pense index : 98 
2017-05-14 22:13:55.0903 Error : OpenQA.Selenium.ElementNotVisibleException: element not visible
  (Session info: chrome=57.0.2987.133)
  (Driver info: chromedriver=2.27.440174 (e97a722caafc2d3a8b807ee115bfb307f7d2cfd9),platform=Windows NT 6.3.9600 x86_64)
   at OpenQA.Selenium.Remote.RemoteWebDriver.UnpackAndThrowOnError(Response errorResponse)
   at OpenQA.Selenium.Remote.RemoteWebDriver.Execute(String driverCommandToExecute, Dictionary`2 parameters)
   at OpenQA.Selenium.Remote.RemoteWebElement.Click()
   at BatchCompletor.MoviesNotes.GoogleMovieWebPageParser.TryLoad(IWebDriver driver, String keys) in C:\Users\Administrator\Source\Repos\CineBot\BatchCompletor\MoviesNotes\GoogleMovieWebPageParser.cs:line 95
   at BatchCompletor.MoviesNotes.GoogleMovieWebPageParser.<>c__DisplayClass3_0.<Parse>b__1(<>f__AnonymousType0`2 movie) in C:\Users\Administrator\Source\Repos\CineBot\BatchCompletor\MoviesNotes\GoogleMovieWebPageParser.cs:line 44
2017-05-14 22:14:27.0386 Error : OpenQA.Selenium.ElementNotVisibleException: element not visible
  (Session info: chrome=57.0.2987.133)
  (Driver info: chromedriver=2.27.440174 (e97a722caafc2d3a8b807ee115bfb307f7d2cfd9),platform=Windows NT 6.3.9600 x86_64)
   at OpenQA.Selenium.Remote.RemoteWebDriver.UnpackAndThrowOnError(Response errorResponse)
   at OpenQA.Selenium.Remote.RemoteWebDriver.Execute(String driverCommandToExecute, Dictionary`2 parameters)
   at OpenQA.Selenium.Remote.RemoteWebElement.Click()
   at BatchCompletor.MoviesNotes.GoogleMovieWebPageParser.TryLoad(IWebDriver driver, String keys) in C:\Users\Administrator\Source\Repos\CineBot\BatchCompletor\MoviesNotes\GoogleMovieWebPageParser.cs:line 95
   at BatchCompletor.MoviesNotes.GoogleMovieWebPageParser.<>c__DisplayClass3_0.<Parse>b__1(<>f__AnonymousType0`2 movie) in C:\Users\Administrator\Source\Repos\CineBot\BatchCompletor\MoviesNotes\GoogleMovieWebPageParser.cs:line 45
2017-05-14 22:14:48.4682 movie : Lettres de la Guerre index : 101 
2017-05-14 22:15:10.4468 movie : L'Homme aux mille visages index : 102 
2017-05-14 22:15:21.2700 Error : OpenQA.Selenium.ElementNotVisibleException: element not visible
  (Session info: chrome=57.0.2987.133)
  (Driver info: chromedriver=2.27.440174 (e97a722caafc2d3a8b807ee115bfb307f7d2cfd9),platform=Windows NT 6.3.9600 x86_64)
   at OpenQA.Selenium.Remote.RemoteWebDriver.UnpackAndThrowOnError(Response errorResponse)
   at OpenQA.Selenium.Remote.RemoteWebDriver.Execute(String driverCommandToExecute, Dictionary`2 parameters)
   at OpenQA.Selenium.Remote.RemoteWebElement.Click()
   at BatchCompletor.MoviesNotes.GoogleMovieWebPageParser.TryLoad(IWebDriver driver, String keys) in C:\Users\Administrator\Source\Repos\CineBot\BatchCompletor\MoviesNotes\GoogleMovieWebPageParser.cs:line 95
   at BatchCompletor.MoviesNotes.GoogleMovieWebPageParser.<>c__DisplayClass3_0.<Parse>b__1(<>f__AnonymousType0`2 movie) in C:\Users\Administrator\Source\Repos\CineBot\BatchCompletor\MoviesNotes\GoogleMovieWebPageParser.cs:line 44
2017-05-14 22:15:32.8550 Error : OpenQA.Selenium.ElementNotVisibleException: element not visible
  (Session info: chrome=57.0.2987.133)
  (Driver info: chromedriver=2.27.440174 (e97a722caafc2d3a8b807ee115bfb307f7d2cfd9),platform=Windows NT 6.3.9600 x86_64)
   at OpenQA.Selenium.Remote.RemoteWebDriver.UnpackAndThrowOnError(Response errorResponse)
   at OpenQA.Selenium.Remote.RemoteWebDriver.Execute(String driverCommandToExecute, Dictionary`2 parameters)
   at OpenQA.Selenium.Remote.RemoteWebElement.Click()
   at BatchCompletor.MoviesNotes.GoogleMovieWebPageParser.TryLoad(IWebDriver driver, String keys) in C:\Users\Administrator\Source\Repos\CineBot\BatchCompletor\MoviesNotes\GoogleMovieWebPageParser.cs:line 95
   at BatchCompletor.MoviesNotes.GoogleMovieWebPageParser.<>c__DisplayClass3_0.<Parse>b__1(<>f__AnonymousType0`2 movie) in C:\Users\Administrator\Source\Repos\CineBot\BatchCompletor\MoviesNotes\GoogleMovieWebPageParser.cs:line 44
2017-05-14 22:15:54.2183 movie : Mauvais élèves index : 105 
2017-05-14 22:16:05.0200 Error : OpenQA.Selenium.ElementNotVisibleException: element not visible
  (Session info: chrome=57.0.2987.133)
  (Driver info: chromedriver=2.27.440174 (e97a722caafc2d3a8b807ee115bfb307f7d2cfd9),platform=Windows NT 6.3.9600 x86_64)
   at OpenQA.Selenium.Remote.RemoteWebDriver.UnpackAndThrowOnError(Response errorResponse)
   at OpenQA.Selenium.Remote.RemoteWebDriver.Execute(String driverCommandToExecute, Dictionary`2 parameters)
   at OpenQA.Selenium.Remote.RemoteWebElement.Click()
   at BatchCompletor.MoviesNotes.GoogleMovieWebPageParser.TryLoad(IWebDriver driver, String keys) in C:\Users\Administrator\Source\Repos\CineBot\BatchCompletor\MoviesNotes\GoogleMovieWebPageParser.cs:line 95
   at BatchCompletor.MoviesNotes.GoogleMovieWebPageParser.<>c__DisplayClass3_0.<Parse>b__1(<>f__AnonymousType0`2 movie) in C:\Users\Administrator\Source\Repos\CineBot\BatchCompletor\MoviesNotes\GoogleMovieWebPageParser.cs:line 44
2017-05-14 22:16:15.7358 Error : OpenQA.Selenium.ElementNotVisibleException: element not visible
  (Session info: chrome=57.0.2987.133)
  (Driver info: chromedriver=2.27.440174 (e97a722caafc2d3a8b807ee115bfb307f7d2cfd9),platform=Windows NT 6.3.9600 x86_64)
   at OpenQA.Selenium.Remote.RemoteWebDriver.UnpackAndThrowOnError(Response errorResponse)
   at OpenQA.Selenium.Remote.RemoteWebDriver.Execute(String driverCommandToExecute, Dictionary`2 parameters)
   at OpenQA.Selenium.Remote.RemoteWebElement.Click()
   at BatchCompletor.MoviesNotes.GoogleMovieWebPageParser.TryLoad(IWebDriver driver, String keys) in C:\Users\Administrator\Source\Repos\CineBot\BatchCompletor\MoviesNotes\GoogleMovieWebPageParser.cs:line 95
   at BatchCompletor.MoviesNotes.GoogleMovieWebPageParser.<>c__DisplayClass3_0.<Parse>b__1(<>f__AnonymousType0`2 movie) in C:\Users\Administrator\Source\Repos\CineBot\BatchCompletor\MoviesNotes\GoogleMovieWebPageParser.cs:line 44
2017-05-14 22:16:26.3111 Error : OpenQA.Selenium.ElementNotVisibleException: element not visible
  (Session info: chrome=57.0.2987.133)
  (Driver info: chromedriver=2.27.440174 (e97a722caafc2d3a8b807ee115bfb307f7d2cfd9),platform=Windows NT 6.3.9600 x86_64)
   at OpenQA.Selenium.Remote.RemoteWebDriver.UnpackAndThrowOnError(Response errorResponse)
   at OpenQA.Selenium.Remote.RemoteWebDriver.Execute(String driverCommandToExecute, Dictionary`2 parameters)
   at OpenQA.Selenium.Remote.RemoteWebElement.Click()
   at BatchCompletor.MoviesNotes.GoogleMovieWebPageParser.TryLoad(IWebDriver driver, String keys) in C:\Users\Administrator\Source\Repos\CineBot\BatchCompletor\MoviesNotes\GoogleMovieWebPageParser.cs:line 95
   at BatchCompletor.MoviesNotes.GoogleMovieWebPageParser.<>c__DisplayClass3_0.<Parse>b__1(<>f__AnonymousType0`2 movie) in C:\Users\Administrator\Source\Repos\CineBot\BatchCompletor\MoviesNotes\GoogleMovieWebPageParser.cs:line 44
2017-05-14 22:16:37.1577 Error : OpenQA.Selenium.ElementNotVisibleException: element not visible
  (Session info: chrome=57.0.2987.133)
  (Driver info: chromedriver=2.27.440174 (e97a722caafc2d3a8b807ee115bfb307f7d2cfd9),platform=Windows NT 6.3.9600 x86_64)
   at OpenQA.Selenium.Remote.RemoteWebDriver.UnpackAndThrowOnError(Response errorResponse)
   at OpenQA.Selenium.Remote.RemoteWebDriver.Execute(String driverCommandToExecute, Dictionary`2 parameters)
   at OpenQA.Selenium.Remote.RemoteWebElement.Click()
   at BatchCompletor.MoviesNotes.GoogleMovieWebPageParser.TryLoad(IWebDriver driver, String keys) in C:\Users\Administrator\Source\Repos\CineBot\BatchCompletor\MoviesNotes\GoogleMovieWebPageParser.cs:line 95
   at BatchCompletor.MoviesNotes.GoogleMovieWebPageParser.<>c__DisplayClass3_0.<Parse>b__1(<>f__AnonymousType0`2 movie) in C:\Users\Administrator\Source\Repos\CineBot\BatchCompletor\MoviesNotes\GoogleMovieWebPageParser.cs:line 44
2017-05-14 22:16:47.7534 Error : OpenQA.Selenium.ElementNotVisibleException: element not visible
  (Session info: chrome=57.0.2987.133)
  (Driver info: chromedriver=2.27.440174 (e97a722caafc2d3a8b807ee115bfb307f7d2cfd9),platform=Windows NT 6.3.9600 x86_64)
   at OpenQA.Selenium.Remote.RemoteWebDriver.UnpackAndThrowOnError(Response errorResponse)
   at OpenQA.Selenium.Remote.RemoteWebDriver.Execute(String driverCommandToExecute, Dictionary`2 parameters)
   at OpenQA.Selenium.Remote.RemoteWebElement.Click()
   at BatchCompletor.MoviesNotes.GoogleMovieWebPageParser.TryLoad(IWebDriver driver, String keys) in C:\Users\Administrator\Source\Repos\CineBot\BatchCompletor\MoviesNotes\GoogleMovieWebPageParser.cs:line 95
   at BatchCompletor.MoviesNotes.GoogleMovieWebPageParser.<>c__DisplayClass3_0.<Parse>b__1(<>f__AnonymousType0`2 movie) in C:\Users\Administrator\Source\Repos\CineBot\BatchCompletor\MoviesNotes\GoogleMovieWebPageParser.cs:line 44
2017-05-14 22:16:58.3110 Error : OpenQA.Selenium.ElementNotVisibleException: element not visible
  (Session info: chrome=57.0.2987.133)
  (Driver info: chromedriver=2.27.440174 (e97a722caafc2d3a8b807ee115bfb307f7d2cfd9),platform=Windows NT 6.3.9600 x86_64)
   at OpenQA.Selenium.Remote.RemoteWebDriver.UnpackAndThrowOnError(Response errorResponse)
   at OpenQA.Selenium.Remote.RemoteWebDriver.Execute(String driverCommandToExecute, Dictionary`2 parameters)
   at OpenQA.Selenium.Remote.RemoteWebElement.Click()
   at BatchCompletor.MoviesNotes.GoogleMovieWebPageParser.TryLoad(IWebDriver driver, String keys) in C:\Users\Administrator\Source\Repos\CineBot\BatchCompletor\MoviesNotes\GoogleMovieWebPageParser.cs:line 95
   at BatchCompletor.MoviesNotes.GoogleMovieWebPageParser.<>c__DisplayClass3_0.<Parse>b__1(<>f__AnonymousType0`2 movie) in C:\Users\Administrator\Source\Repos\CineBot\BatchCompletor\MoviesNotes\GoogleMovieWebPageParser.cs:line 44
2017-05-14 22:17:08.9097 Error : OpenQA.Selenium.ElementNotVisibleException: element not visible
  (Session info: chrome=57.0.2987.133)
  (Driver info: chromedriver=2.27.440174 (e97a722caafc2d3a8b807ee115bfb307f7d2cfd9),platform=Windows NT 6.3.9600 x86_64)
   at OpenQA.Selenium.Remote.RemoteWebDriver.UnpackAndThrowOnError(Response errorResponse)
   at OpenQA.Selenium.Remote.RemoteWebDriver.Execute(String driverCommandToExecute, Dictionary`2 parameters)
   at OpenQA.Selenium.Remote.RemoteWebElement.Click()
   at BatchCompletor.MoviesNotes.GoogleMovieWebPageParser.TryLoad(IWebDriver driver, String keys) in C:\Users\Administrator\Source\Repos\CineBot\BatchCompletor\MoviesNotes\GoogleMovieWebPageParser.cs:line 95
   at BatchCompletor.MoviesNotes.GoogleMovieWebPageParser.<>c__DisplayClass3_0.<Parse>b__1(<>f__AnonymousType0`2 movie) in C:\Users\Administrator\Source\Repos\CineBot\BatchCompletor\MoviesNotes\GoogleMovieWebPageParser.cs:line 44
2017-05-14 22:17:42.2407 Error : OpenQA.Selenium.ElementNotVisibleException: element not visible
  (Session info: chrome=57.0.2987.133)
  (Driver info: chromedriver=2.27.440174 (e97a722caafc2d3a8b807ee115bfb307f7d2cfd9),platform=Windows NT 6.3.9600 x86_64)
   at OpenQA.Selenium.Remote.RemoteWebDriver.UnpackAndThrowOnError(Response errorResponse)
   at OpenQA.Selenium.Remote.RemoteWebDriver.Execute(String driverCommandToExecute, Dictionary`2 parameters)
   at OpenQA.Selenium.Remote.RemoteWebElement.Click()
   at BatchCompletor.MoviesNotes.GoogleMovieWebPageParser.TryLoad(IWebDriver driver, String keys) in C:\Users\Administrator\Source\Repos\CineBot\BatchCompletor\MoviesNotes\GoogleMovieWebPageParser.cs:line 95
   at BatchCompletor.MoviesNotes.GoogleMovieWebPageParser.<>c__DisplayClass3_0.<Parse>b__1(<>f__AnonymousType0`2 movie) in C:\Users\Administrator\Source\Repos\CineBot\BatchCompletor\MoviesNotes\GoogleMovieWebPageParser.cs:line 45
2017-05-14 22:17:52.9008 Error : OpenQA.Selenium.ElementNotVisibleException: element not visible
  (Session info: chrome=57.0.2987.133)
  (Driver info: chromedriver=2.27.440174 (e97a722caafc2d3a8b807ee115bfb307f7d2cfd9),platform=Windows NT 6.3.9600 x86_64)
   at OpenQA.Selenium.Remote.RemoteWebDriver.UnpackAndThrowOnError(Response errorResponse)
   at OpenQA.Selenium.Remote.RemoteWebDriver.Execute(String driverCommandToExecute, Dictionary`2 parameters)
   at OpenQA.Selenium.Remote.RemoteWebElement.Click()
   at BatchCompletor.MoviesNotes.GoogleMovieWebPageParser.TryLoad(IWebDriver driver, String keys) in C:\Users\Administrator\Source\Repos\CineBot\BatchCompletor\MoviesNotes\GoogleMovieWebPageParser.cs:line 95
   at BatchCompletor.MoviesNotes.GoogleMovieWebPageParser.<>c__DisplayClass3_0.<Parse>b__1(<>f__AnonymousType0`2 movie) in C:\Users\Administrator\Source\Repos\CineBot\BatchCompletor\MoviesNotes\GoogleMovieWebPageParser.cs:line 44
2017-05-14 22:18:03.5376 Error : OpenQA.Selenium.ElementNotVisibleException: element not visible
  (Session info: chrome=57.0.2987.133)
  (Driver info: chromedriver=2.27.440174 (e97a722caafc2d3a8b807ee115bfb307f7d2cfd9),platform=Windows NT 6.3.9600 x86_64)
   at OpenQA.Selenium.Remote.RemoteWebDriver.UnpackAndThrowOnError(Response errorResponse)
   at OpenQA.Selenium.Remote.RemoteWebDriver.Execute(String driverCommandToExecute, Dictionary`2 parameters)
   at OpenQA.Selenium.Remote.RemoteWebElement.Click()
   at BatchCompletor.MoviesNotes.GoogleMovieWebPageParser.TryLoad(IWebDriver driver, String keys) in C:\Users\Administrator\Source\Repos\CineBot\BatchCompletor\MoviesNotes\GoogleMovieWebPageParser.cs:line 95
   at BatchCompletor.MoviesNotes.GoogleMovieWebPageParser.<>c__DisplayClass3_0.<Parse>b__1(<>f__AnonymousType0`2 movie) in C:\Users\Administrator\Source\Repos\CineBot\BatchCompletor\MoviesNotes\GoogleMovieWebPageParser.cs:line 44
2017-05-14 22:18:14.2261 Error : OpenQA.Selenium.ElementNotVisibleException: element not visible
  (Session info: chrome=57.0.2987.133)
  (Driver info: chromedriver=2.27.440174 (e97a722caafc2d3a8b807ee115bfb307f7d2cfd9),platform=Windows NT 6.3.9600 x86_64)
   at OpenQA.Selenium.Remote.RemoteWebDriver.UnpackAndThrowOnError(Response errorResponse)
   at OpenQA.Selenium.Remote.RemoteWebDriver.Execute(String driverCommandToExecute, Dictionary`2 parameters)
   at OpenQA.Selenium.Remote.RemoteWebElement.Click()
   at BatchCompletor.MoviesNotes.GoogleMovieWebPageParser.TryLoad(IWebDriver driver, String keys) in C:\Users\Administrator\Source\Repos\CineBot\BatchCompletor\MoviesNotes\GoogleMovieWebPageParser.cs:line 95
   at BatchCompletor.MoviesNotes.GoogleMovieWebPageParser.<>c__DisplayClass3_0.<Parse>b__1(<>f__AnonymousType0`2 movie) in C:\Users\Administrator\Source\Repos\CineBot\BatchCompletor\MoviesNotes\GoogleMovieWebPageParser.cs:line 44
2017-05-14 22:18:25.0864 Error : OpenQA.Selenium.ElementNotVisibleException: element not visible
  (Session info: chrome=57.0.2987.133)
  (Driver info: chromedriver=2.27.440174 (e97a722caafc2d3a8b807ee115bfb307f7d2cfd9),platform=Windows NT 6.3.9600 x86_64)
   at OpenQA.Selenium.Remote.RemoteWebDriver.UnpackAndThrowOnError(Response errorResponse)
   at OpenQA.Selenium.Remote.RemoteWebDriver.Execute(String driverCommandToExecute, Dictionary`2 parameters)
   at OpenQA.Selenium.Remote.RemoteWebElement.Click()
   at BatchCompletor.MoviesNotes.GoogleMovieWebPageParser.TryLoad(IWebDriver driver, String keys) in C:\Users\Administrator\Source\Repos\CineBot\BatchCompletor\MoviesNotes\GoogleMovieWebPageParser.cs:line 95
   at BatchCompletor.MoviesNotes.GoogleMovieWebPageParser.<>c__DisplayClass3_0.<Parse>b__1(<>f__AnonymousType0`2 movie) in C:\Users\Administrator\Source\Repos\CineBot\BatchCompletor\MoviesNotes\GoogleMovieWebPageParser.cs:line 44
2017-05-14 22:18:35.8100 Error : OpenQA.Selenium.ElementNotVisibleException: element not visible
  (Session info: chrome=57.0.2987.133)
  (Driver info: chromedriver=2.27.440174 (e97a722caafc2d3a8b807ee115bfb307f7d2cfd9),platform=Windows NT 6.3.9600 x86_64)
   at OpenQA.Selenium.Remote.RemoteWebDriver.UnpackAndThrowOnError(Response errorResponse)
   at OpenQA.Selenium.Remote.RemoteWebDriver.Execute(String driverCommandToExecute, Dictionary`2 parameters)
   at OpenQA.Selenium.Remote.RemoteWebElement.Click()
   at BatchCompletor.MoviesNotes.GoogleMovieWebPageParser.TryLoad(IWebDriver driver, String keys) in C:\Users\Administrator\Source\Repos\CineBot\BatchCompletor\MoviesNotes\GoogleMovieWebPageParser.cs:line 95
   at BatchCompletor.MoviesNotes.GoogleMovieWebPageParser.<>c__DisplayClass3_0.<Parse>b__1(<>f__AnonymousType0`2 movie) in C:\Users\Administrator\Source\Repos\CineBot\BatchCompletor\MoviesNotes\GoogleMovieWebPageParser.cs:line 44
2017-05-14 22:18:46.3149 Error : OpenQA.Selenium.ElementNotVisibleException: element not visible
  (Session info: chrome=57.0.2987.133)
  (Driver info: chromedriver=2.27.440174 (e97a722caafc2d3a8b807ee115bfb307f7d2cfd9),platform=Windows NT 6.3.9600 x86_64)
   at OpenQA.Selenium.Remote.RemoteWebDriver.UnpackAndThrowOnError(Response errorResponse)
   at OpenQA.Selenium.Remote.RemoteWebDriver.Execute(String driverCommandToExecute, Dictionary`2 parameters)
   at OpenQA.Selenium.Remote.RemoteWebElement.Click()
   at BatchCompletor.MoviesNotes.GoogleMovieWebPageParser.TryLoad(IWebDriver driver, String keys) in C:\Users\Administrator\Source\Repos\CineBot\BatchCompletor\MoviesNotes\GoogleMovieWebPageParser.cs:line 95
   at BatchCompletor.MoviesNotes.GoogleMovieWebPageParser.<>c__DisplayClass3_0.<Parse>b__1(<>f__AnonymousType0`2 movie) in C:\Users\Administrator\Source\Repos\CineBot\BatchCompletor\MoviesNotes\GoogleMovieWebPageParser.cs:line 44
2017-05-14 22:18:56.8618 Error : OpenQA.Selenium.ElementNotVisibleException: element not visible
  (Session info: chrome=57.0.2987.133)
  (Driver info: chromedriver=2.27.440174 (e97a722caafc2d3a8b807ee115bfb307f7d2cfd9),platform=Windows NT 6.3.9600 x86_64)
   at OpenQA.Selenium.Remote.RemoteWebDriver.UnpackAndThrowOnError(Response errorResponse)
   at OpenQA.Selenium.Remote.RemoteWebDriver.Execute(String driverCommandToExecute, Dictionary`2 parameters)
   at OpenQA.Selenium.Remote.RemoteWebElement.Click()
   at BatchCompletor.MoviesNotes.GoogleMovieWebPageParser.TryLoad(IWebDriver driver, String keys) in C:\Users\Administrator\Source\Repos\CineBot\BatchCompletor\MoviesNotes\GoogleMovieWebPageParser.cs:line 95
   at BatchCompletor.MoviesNotes.GoogleMovieWebPageParser.<>c__DisplayClass3_0.<Parse>b__1(<>f__AnonymousType0`2 movie) in C:\Users\Administrator\Source\Repos\CineBot\BatchCompletor\MoviesNotes\GoogleMovieWebPageParser.cs:line 44
2017-05-14 22:19:18.1587 movie : L'Opéra index : 121 
2017-05-14 22:19:29.3042 Error : OpenQA.Selenium.ElementNotVisibleException: element not visible
  (Session info: chrome=57.0.2987.133)
  (Driver info: chromedriver=2.27.440174 (e97a722caafc2d3a8b807ee115bfb307f7d2cfd9),platform=Windows NT 6.3.9600 x86_64)
   at OpenQA.Selenium.Remote.RemoteWebDriver.UnpackAndThrowOnError(Response errorResponse)
   at OpenQA.Selenium.Remote.RemoteWebDriver.Execute(String driverCommandToExecute, Dictionary`2 parameters)
   at OpenQA.Selenium.Remote.RemoteWebElement.Click()
   at BatchCompletor.MoviesNotes.GoogleMovieWebPageParser.TryLoad(IWebDriver driver, String keys) in C:\Users\Administrator\Source\Repos\CineBot\BatchCompletor\MoviesNotes\GoogleMovieWebPageParser.cs:line 95
   at BatchCompletor.MoviesNotes.GoogleMovieWebPageParser.<>c__DisplayClass3_0.<Parse>b__1(<>f__AnonymousType0`2 movie) in C:\Users\Administrator\Source\Repos\CineBot\BatchCompletor\MoviesNotes\GoogleMovieWebPageParser.cs:line 44
2017-05-14 22:19:39.9087 Error : OpenQA.Selenium.ElementNotVisibleException: element not visible
  (Session info: chrome=57.0.2987.133)
  (Driver info: chromedriver=2.27.440174 (e97a722caafc2d3a8b807ee115bfb307f7d2cfd9),platform=Windows NT 6.3.9600 x86_64)
   at OpenQA.Selenium.Remote.RemoteWebDriver.UnpackAndThrowOnError(Response errorResponse)
   at OpenQA.Selenium.Remote.RemoteWebDriver.Execute(String driverCommandToExecute, Dictionary`2 parameters)
   at OpenQA.Selenium.Remote.RemoteWebElement.Click()
   at BatchCompletor.MoviesNotes.GoogleMovieWebPageParser.TryLoad(IWebDriver driver, String keys) in C:\Users\Administrator\Source\Repos\CineBot\BatchCompletor\MoviesNotes\GoogleMovieWebPageParser.cs:line 95
   at BatchCompletor.MoviesNotes.GoogleMovieWebPageParser.<>c__DisplayClass3_0.<Parse>b__1(<>f__AnonymousType0`2 movie) in C:\Users\Administrator\Source\Repos\CineBot\BatchCompletor\MoviesNotes\GoogleMovieWebPageParser.cs:line 44
2017-05-14 22:20:02.1812 movie : La Vengeresse index : 124 
2017-05-14 22:20:12.7563 Error : OpenQA.Selenium.ElementNotVisibleException: element not visible
  (Session info: chrome=57.0.2987.133)
  (Driver info: chromedriver=2.27.440174 (e97a722caafc2d3a8b807ee115bfb307f7d2cfd9),platform=Windows NT 6.3.9600 x86_64)
   at OpenQA.Selenium.Remote.RemoteWebDriver.UnpackAndThrowOnError(Response errorResponse)
   at OpenQA.Selenium.Remote.RemoteWebDriver.Execute(String driverCommandToExecute, Dictionary`2 parameters)
   at OpenQA.Selenium.Remote.RemoteWebElement.Click()
   at BatchCompletor.MoviesNotes.GoogleMovieWebPageParser.TryLoad(IWebDriver driver, String keys) in C:\Users\Administrator\Source\Repos\CineBot\BatchCompletor\MoviesNotes\GoogleMovieWebPageParser.cs:line 95
   at BatchCompletor.MoviesNotes.GoogleMovieWebPageParser.<>c__DisplayClass3_0.<Parse>b__1(<>f__AnonymousType0`2 movie) in C:\Users\Administrator\Source\Repos\CineBot\BatchCompletor\MoviesNotes\GoogleMovieWebPageParser.cs:line 44
2017-05-14 22:20:23.3267 Error : OpenQA.Selenium.ElementNotVisibleException: element not visible
  (Session info: chrome=57.0.2987.133)
  (Driver info: chromedriver=2.27.440174 (e97a722caafc2d3a8b807ee115bfb307f7d2cfd9),platform=Windows NT 6.3.9600 x86_64)
   at OpenQA.Selenium.Remote.RemoteWebDriver.UnpackAndThrowOnError(Response errorResponse)
   at OpenQA.Selenium.Remote.RemoteWebDriver.Execute(String driverCommandToExecute, Dictionary`2 parameters)
   at OpenQA.Selenium.Remote.RemoteWebElement.Click()
   at BatchCompletor.MoviesNotes.GoogleMovieWebPageParser.TryLoad(IWebDriver driver, String keys) in C:\Users\Administrator\Source\Repos\CineBot\BatchCompletor\MoviesNotes\GoogleMovieWebPageParser.cs:line 95
   at BatchCompletor.MoviesNotes.GoogleMovieWebPageParser.<>c__DisplayClass3_0.<Parse>b__1(<>f__AnonymousType0`2 movie) in C:\Users\Administrator\Source\Repos\CineBot\BatchCompletor\MoviesNotes\GoogleMovieWebPageParser.cs:line 44
2017-05-14 22:20:33.9624 Error : OpenQA.Selenium.ElementNotVisibleException: element not visible
  (Session info: chrome=57.0.2987.133)
  (Driver info: chromedriver=2.27.440174 (e97a722caafc2d3a8b807ee115bfb307f7d2cfd9),platform=Windows NT 6.3.9600 x86_64)
   at OpenQA.Selenium.Remote.RemoteWebDriver.UnpackAndThrowOnError(Response errorResponse)
   at OpenQA.Selenium.Remote.RemoteWebDriver.Execute(String driverCommandToExecute, Dictionary`2 parameters)
   at OpenQA.Selenium.Remote.RemoteWebElement.Click()
   at BatchCompletor.MoviesNotes.GoogleMovieWebPageParser.TryLoad(IWebDriver driver, String keys) in C:\Users\Administrator\Source\Repos\CineBot\BatchCompletor\MoviesNotes\GoogleMovieWebPageParser.cs:line 95
   at BatchCompletor.MoviesNotes.GoogleMovieWebPageParser.<>c__DisplayClass3_0.<Parse>b__1(<>f__AnonymousType0`2 movie) in C:\Users\Administrator\Source\Repos\CineBot\BatchCompletor\MoviesNotes\GoogleMovieWebPageParser.cs:line 44
2017-05-14 22:20:55.2866 movie : La Consolation index : 128 
2017-05-14 22:21:05.9233 Error : OpenQA.Selenium.ElementNotVisibleException: element not visible
  (Session info: chrome=57.0.2987.133)
  (Driver info: chromedriver=2.27.440174 (e97a722caafc2d3a8b807ee115bfb307f7d2cfd9),platform=Windows NT 6.3.9600 x86_64)
   at OpenQA.Selenium.Remote.RemoteWebDriver.UnpackAndThrowOnError(Response errorResponse)
   at OpenQA.Selenium.Remote.RemoteWebDriver.Execute(String driverCommandToExecute, Dictionary`2 parameters)
   at OpenQA.Selenium.Remote.RemoteWebElement.Click()
   at BatchCompletor.MoviesNotes.GoogleMovieWebPageParser.TryLoad(IWebDriver driver, String keys) in C:\Users\Administrator\Source\Repos\CineBot\BatchCompletor\MoviesNotes\GoogleMovieWebPageParser.cs:line 95
   at BatchCompletor.MoviesNotes.GoogleMovieWebPageParser.<>c__DisplayClass3_0.<Parse>b__1(<>f__AnonymousType0`2 movie) in C:\Users\Administrator\Source\Repos\CineBot\BatchCompletor\MoviesNotes\GoogleMovieWebPageParser.cs:line 44
2017-05-14 22:21:27.2339 movie : L'Ecole des lapins index : 130 
2017-05-14 22:21:37.8706 Error : OpenQA.Selenium.ElementNotVisibleException: element not visible
  (Session info: chrome=57.0.2987.133)
  (Driver info: chromedriver=2.27.440174 (e97a722caafc2d3a8b807ee115bfb307f7d2cfd9),platform=Windows NT 6.3.9600 x86_64)
   at OpenQA.Selenium.Remote.RemoteWebDriver.UnpackAndThrowOnError(Response errorResponse)
   at OpenQA.Selenium.Remote.RemoteWebDriver.Execute(String driverCommandToExecute, Dictionary`2 parameters)
   at OpenQA.Selenium.Remote.RemoteWebElement.Click()
   at BatchCompletor.MoviesNotes.GoogleMovieWebPageParser.TryLoad(IWebDriver driver, String keys) in C:\Users\Administrator\Source\Repos\CineBot\BatchCompletor\MoviesNotes\GoogleMovieWebPageParser.cs:line 95
   at BatchCompletor.MoviesNotes.GoogleMovieWebPageParser.<>c__DisplayClass3_0.<Parse>b__1(<>f__AnonymousType0`2 movie) in C:\Users\Administrator\Source\Repos\CineBot\BatchCompletor\MoviesNotes\GoogleMovieWebPageParser.cs:line 44
2017-05-14 22:21:48.3804 Error : OpenQA.Selenium.ElementNotVisibleException: element not visible
  (Session info: chrome=57.0.2987.133)
  (Driver info: chromedriver=2.27.440174 (e97a722caafc2d3a8b807ee115bfb307f7d2cfd9),platform=Windows NT 6.3.9600 x86_64)
   at OpenQA.Selenium.Remote.RemoteWebDriver.UnpackAndThrowOnError(Response errorResponse)
   at OpenQA.Selenium.Remote.RemoteWebDriver.Execute(String driverCommandToExecute, Dictionary`2 parameters)
   at OpenQA.Selenium.Remote.RemoteWebElement.Click()
   at BatchCompletor.MoviesNotes.GoogleMovieWebPageParser.TryLoad(IWebDriver driver, String keys) in C:\Users\Administrator\Source\Repos\CineBot\BatchCompletor\MoviesNotes\GoogleMovieWebPageParser.cs:line 95
   at BatchCompletor.MoviesNotes.GoogleMovieWebPageParser.<>c__DisplayClass3_0.<Parse>b__1(<>f__AnonymousType0`2 movie) in C:\Users\Administrator\Source\Repos\CineBot\BatchCompletor\MoviesNotes\GoogleMovieWebPageParser.cs:line 44
2017-05-14 22:22:00.0132 Error : OpenQA.Selenium.ElementNotVisibleException: element not visible
  (Session info: chrome=57.0.2987.133)
  (Driver info: chromedriver=2.27.440174 (e97a722caafc2d3a8b807ee115bfb307f7d2cfd9),platform=Windows NT 6.3.9600 x86_64)
   at OpenQA.Selenium.Remote.RemoteWebDriver.UnpackAndThrowOnError(Response errorResponse)
   at OpenQA.Selenium.Remote.RemoteWebDriver.Execute(String driverCommandToExecute, Dictionary`2 parameters)
   at OpenQA.Selenium.Remote.RemoteWebElement.Click()
   at BatchCompletor.MoviesNotes.GoogleMovieWebPageParser.TryLoad(IWebDriver driver, String keys) in C:\Users\Administrator\Source\Repos\CineBot\BatchCompletor\MoviesNotes\GoogleMovieWebPageParser.cs:line 95
   at BatchCompletor.MoviesNotes.GoogleMovieWebPageParser.<>c__DisplayClass3_0.<Parse>b__1(<>f__AnonymousType0`2 movie) in C:\Users\Administrator\Source\Repos\CineBot\BatchCompletor\MoviesNotes\GoogleMovieWebPageParser.cs:line 44
2017-05-14 22:22:21.4946 movie : Les Schtroumpfs et le village perdu index : 134 
2017-05-14 22:22:32.2172 Error : OpenQA.Selenium.ElementNotVisibleException: element not visible
  (Session info: chrome=57.0.2987.133)
  (Driver info: chromedriver=2.27.440174 (e97a722caafc2d3a8b807ee115bfb307f7d2cfd9),platform=Windows NT 6.3.9600 x86_64)
   at OpenQA.Selenium.Remote.RemoteWebDriver.UnpackAndThrowOnError(Response errorResponse)
   at OpenQA.Selenium.Remote.RemoteWebDriver.Execute(String driverCommandToExecute, Dictionary`2 parameters)
   at OpenQA.Selenium.Remote.RemoteWebElement.Click()
   at BatchCompletor.MoviesNotes.GoogleMovieWebPageParser.TryLoad(IWebDriver driver, String keys) in C:\Users\Administrator\Source\Repos\CineBot\BatchCompletor\MoviesNotes\GoogleMovieWebPageParser.cs:line 95
   at BatchCompletor.MoviesNotes.GoogleMovieWebPageParser.<>c__DisplayClass3_0.<Parse>b__1(<>f__AnonymousType0`2 movie) in C:\Users\Administrator\Source\Repos\CineBot\BatchCompletor\MoviesNotes\GoogleMovieWebPageParser.cs:line 44
2017-05-14 22:22:42.7749 Error : OpenQA.Selenium.ElementNotVisibleException: element not visible
  (Session info: chrome=57.0.2987.133)
  (Driver info: chromedriver=2.27.440174 (e97a722caafc2d3a8b807ee115bfb307f7d2cfd9),platform=Windows NT 6.3.9600 x86_64)
   at OpenQA.Selenium.Remote.RemoteWebDriver.UnpackAndThrowOnError(Response errorResponse)
   at OpenQA.Selenium.Remote.RemoteWebDriver.Execute(String driverCommandToExecute, Dictionary`2 parameters)
   at OpenQA.Selenium.Remote.RemoteWebElement.Click()
   at BatchCompletor.MoviesNotes.GoogleMovieWebPageParser.TryLoad(IWebDriver driver, String keys) in C:\Users\Administrator\Source\Repos\CineBot\BatchCompletor\MoviesNotes\GoogleMovieWebPageParser.cs:line 95
   at BatchCompletor.MoviesNotes.GoogleMovieWebPageParser.<>c__DisplayClass3_0.<Parse>b__1(<>f__AnonymousType0`2 movie) in C:\Users\Administrator\Source\Repos\CineBot\BatchCompletor\MoviesNotes\GoogleMovieWebPageParser.cs:line 44
2017-05-14 22:22:53.3725 Error : OpenQA.Selenium.ElementNotVisibleException: element not visible
  (Session info: chrome=57.0.2987.133)
  (Driver info: chromedriver=2.27.440174 (e97a722caafc2d3a8b807ee115bfb307f7d2cfd9),platform=Windows NT 6.3.9600 x86_64)
   at OpenQA.Selenium.Remote.RemoteWebDriver.UnpackAndThrowOnError(Response errorResponse)
   at OpenQA.Selenium.Remote.RemoteWebDriver.Execute(String driverCommandToExecute, Dictionary`2 parameters)
   at OpenQA.Selenium.Remote.RemoteWebElement.Click()
   at BatchCompletor.MoviesNotes.GoogleMovieWebPageParser.TryLoad(IWebDriver driver, String keys) in C:\Users\Administrator\Source\Repos\CineBot\BatchCompletor\MoviesNotes\GoogleMovieWebPageParser.cs:line 95
   at BatchCompletor.MoviesNotes.GoogleMovieWebPageParser.<>c__DisplayClass3_0.<Parse>b__1(<>f__AnonymousType0`2 movie) in C:\Users\Administrator\Source\Repos\CineBot\BatchCompletor\MoviesNotes\GoogleMovieWebPageParser.cs:line 44
2017-05-14 22:23:04.0103 Error : OpenQA.Selenium.ElementNotVisibleException: element not visible
  (Session info: chrome=57.0.2987.133)
  (Driver info: chromedriver=2.27.440174 (e97a722caafc2d3a8b807ee115bfb307f7d2cfd9),platform=Windows NT 6.3.9600 x86_64)
   at OpenQA.Selenium.Remote.RemoteWebDriver.UnpackAndThrowOnError(Response errorResponse)
   at OpenQA.Selenium.Remote.RemoteWebDriver.Execute(String driverCommandToExecute, Dictionary`2 parameters)
   at OpenQA.Selenium.Remote.RemoteWebElement.Click()
   at BatchCompletor.MoviesNotes.GoogleMovieWebPageParser.TryLoad(IWebDriver driver, String keys) in C:\Users\Administrator\Source\Repos\CineBot\BatchCompletor\MoviesNotes\GoogleMovieWebPageParser.cs:line 95
   at BatchCompletor.MoviesNotes.GoogleMovieWebPageParser.<>c__DisplayClass3_0.<Parse>b__1(<>f__AnonymousType0`2 movie) in C:\Users\Administrator\Source\Repos\CineBot\BatchCompletor\MoviesNotes\GoogleMovieWebPageParser.cs:line 44
2017-05-14 22:23:25.5493 movie : Forsaken index : 139 
2017-05-14 22:23:36.3072 Error : OpenQA.Selenium.ElementNotVisibleException: element not visible
  (Session info: chrome=57.0.2987.133)
  (Driver info: chromedriver=2.27.440174 (e97a722caafc2d3a8b807ee115bfb307f7d2cfd9),platform=Windows NT 6.3.9600 x86_64)
   at OpenQA.Selenium.Remote.RemoteWebDriver.UnpackAndThrowOnError(Response errorResponse)
   at OpenQA.Selenium.Remote.RemoteWebDriver.Execute(String driverCommandToExecute, Dictionary`2 parameters)
   at OpenQA.Selenium.Remote.RemoteWebElement.Click()
   at BatchCompletor.MoviesNotes.GoogleMovieWebPageParser.TryLoad(IWebDriver driver, String keys) in C:\Users\Administrator\Source\Repos\CineBot\BatchCompletor\MoviesNotes\GoogleMovieWebPageParser.cs:line 95
   at BatchCompletor.MoviesNotes.GoogleMovieWebPageParser.<>c__DisplayClass3_0.<Parse>b__1(<>f__AnonymousType0`2 movie) in C:\Users\Administrator\Source\Repos\CineBot\BatchCompletor\MoviesNotes\GoogleMovieWebPageParser.cs:line 44
2017-05-14 22:23:46.8345 Error : OpenQA.Selenium.ElementNotVisibleException: element not visible
  (Session info: chrome=57.0.2987.133)
  (Driver info: chromedriver=2.27.440174 (e97a722caafc2d3a8b807ee115bfb307f7d2cfd9),platform=Windows NT 6.3.9600 x86_64)
   at OpenQA.Selenium.Remote.RemoteWebDriver.UnpackAndThrowOnError(Response errorResponse)
   at OpenQA.Selenium.Remote.RemoteWebDriver.Execute(String driverCommandToExecute, Dictionary`2 parameters)
   at OpenQA.Selenium.Remote.RemoteWebElement.Click()
   at BatchCompletor.MoviesNotes.GoogleMovieWebPageParser.TryLoad(IWebDriver driver, String keys) in C:\Users\Administrator\Source\Repos\CineBot\BatchCompletor\MoviesNotes\GoogleMovieWebPageParser.cs:line 95
   at BatchCompletor.MoviesNotes.GoogleMovieWebPageParser.<>c__DisplayClass3_0.<Parse>b__1(<>f__AnonymousType0`2 movie) in C:\Users\Administrator\Source\Repos\CineBot\BatchCompletor\MoviesNotes\GoogleMovieWebPageParser.cs:line 44
2017-05-14 22:24:20.0942 Error : OpenQA.Selenium.ElementNotVisibleException: element not visible
  (Session info: chrome=57.0.2987.133)
  (Driver info: chromedriver=2.27.440174 (e97a722caafc2d3a8b807ee115bfb307f7d2cfd9),platform=Windows NT 6.3.9600 x86_64)
   at OpenQA.Selenium.Remote.RemoteWebDriver.UnpackAndThrowOnError(Response errorResponse)
   at OpenQA.Selenium.Remote.RemoteWebDriver.Execute(String driverCommandToExecute, Dictionary`2 parameters)
   at OpenQA.Selenium.Remote.RemoteWebElement.Click()
   at BatchCompletor.MoviesNotes.GoogleMovieWebPageParser.TryLoad(IWebDriver driver, String keys) in C:\Users\Administrator\Source\Repos\CineBot\BatchCompletor\MoviesNotes\GoogleMovieWebPageParser.cs:line 95
   at BatchCompletor.MoviesNotes.GoogleMovieWebPageParser.<>c__DisplayClass3_0.<Parse>b__1(<>f__AnonymousType0`2 movie) in C:\Users\Administrator\Source\Repos\CineBot\BatchCompletor\MoviesNotes\GoogleMovieWebPageParser.cs:line 45
2017-05-14 22:24:41.4223 movie : A United Kingdom index : 143 
2017-05-14 22:24:52.4077 Error : OpenQA.Selenium.ElementNotVisibleException: element not visible
  (Session info: chrome=57.0.2987.133)
  (Driver info: chromedriver=2.27.440174 (e97a722caafc2d3a8b807ee115bfb307f7d2cfd9),platform=Windows NT 6.3.9600 x86_64)
   at OpenQA.Selenium.Remote.RemoteWebDriver.UnpackAndThrowOnError(Response errorResponse)
   at OpenQA.Selenium.Remote.RemoteWebDriver.Execute(String driverCommandToExecute, Dictionary`2 parameters)
   at OpenQA.Selenium.Remote.RemoteWebElement.Click()
   at BatchCompletor.MoviesNotes.GoogleMovieWebPageParser.TryLoad(IWebDriver driver, String keys) in C:\Users\Administrator\Source\Repos\CineBot\BatchCompletor\MoviesNotes\GoogleMovieWebPageParser.cs:line 95
   at BatchCompletor.MoviesNotes.GoogleMovieWebPageParser.<>c__DisplayClass3_0.<Parse>b__1(<>f__AnonymousType0`2 movie) in C:\Users\Administrator\Source\Repos\CineBot\BatchCompletor\MoviesNotes\GoogleMovieWebPageParser.cs:line 44
2017-05-14 22:25:02.9546 Error : OpenQA.Selenium.ElementNotVisibleException: element not visible
  (Session info: chrome=57.0.2987.133)
  (Driver info: chromedriver=2.27.440174 (e97a722caafc2d3a8b807ee115bfb307f7d2cfd9),platform=Windows NT 6.3.9600 x86_64)
   at OpenQA.Selenium.Remote.RemoteWebDriver.UnpackAndThrowOnError(Response errorResponse)
   at OpenQA.Selenium.Remote.RemoteWebDriver.Execute(String driverCommandToExecute, Dictionary`2 parameters)
   at OpenQA.Selenium.Remote.RemoteWebElement.Click()
   at BatchCompletor.MoviesNotes.GoogleMovieWebPageParser.TryLoad(IWebDriver driver, String keys) in C:\Users\Administrator\Source\Repos\CineBot\BatchCompletor\MoviesNotes\GoogleMovieWebPageParser.cs:line 95
   at BatchCompletor.MoviesNotes.GoogleMovieWebPageParser.<>c__DisplayClass3_0.<Parse>b__1(<>f__AnonymousType0`2 movie) in C:\Users\Administrator\Source\Repos\CineBot\BatchCompletor\MoviesNotes\GoogleMovieWebPageParser.cs:line 44
2017-05-14 22:25:24.3364 movie : Orgueil et Préjugés et Zombies index : 146 
2017-05-14 22:25:35.0327 Error : OpenQA.Selenium.ElementNotVisibleException: element not visible
  (Session info: chrome=57.0.2987.133)
  (Driver info: chromedriver=2.27.440174 (e97a722caafc2d3a8b807ee115bfb307f7d2cfd9),platform=Windows NT 6.3.9600 x86_64)
   at OpenQA.Selenium.Remote.RemoteWebDriver.UnpackAndThrowOnError(Response errorResponse)
   at OpenQA.Selenium.Remote.RemoteWebDriver.Execute(String driverCommandToExecute, Dictionary`2 parameters)
   at OpenQA.Selenium.Remote.RemoteWebElement.Click()
   at BatchCompletor.MoviesNotes.GoogleMovieWebPageParser.TryLoad(IWebDriver driver, String keys) in C:\Users\Administrator\Source\Repos\CineBot\BatchCompletor\MoviesNotes\GoogleMovieWebPageParser.cs:line 95
   at BatchCompletor.MoviesNotes.GoogleMovieWebPageParser.<>c__DisplayClass3_0.<Parse>b__1(<>f__AnonymousType0`2 movie) in C:\Users\Administrator\Source\Repos\CineBot\BatchCompletor\MoviesNotes\GoogleMovieWebPageParser.cs:line 44
2017-05-14 22:25:56.2271 movie : Pris de court index : 148 
2017-05-14 22:26:06.9350 Error : OpenQA.Selenium.ElementNotVisibleException: element not visible
  (Session info: chrome=57.0.2987.133)
  (Driver info: chromedriver=2.27.440174 (e97a722caafc2d3a8b807ee115bfb307f7d2cfd9),platform=Windows NT 6.3.9600 x86_64)
   at OpenQA.Selenium.Remote.RemoteWebDriver.UnpackAndThrowOnError(Response errorResponse)
   at OpenQA.Selenium.Remote.RemoteWebDriver.Execute(String driverCommandToExecute, Dictionary`2 parameters)
   at OpenQA.Selenium.Remote.RemoteWebElement.Click()
   at BatchCompletor.MoviesNotes.GoogleMovieWebPageParser.TryLoad(IWebDriver driver, String keys) in C:\Users\Administrator\Source\Repos\CineBot\BatchCompletor\MoviesNotes\GoogleMovieWebPageParser.cs:line 95
   at BatchCompletor.MoviesNotes.GoogleMovieWebPageParser.<>c__DisplayClass3_0.<Parse>b__1(<>f__AnonymousType0`2 movie) in C:\Users\Administrator\Source\Repos\CineBot\BatchCompletor\MoviesNotes\GoogleMovieWebPageParser.cs:line 44
2017-05-14 22:26:18.4839 Error : OpenQA.Selenium.ElementNotVisibleException: element not visible
  (Session info: chrome=57.0.2987.133)
  (Driver info: chromedriver=2.27.440174 (e97a722caafc2d3a8b807ee115bfb307f7d2cfd9),platform=Windows NT 6.3.9600 x86_64)
   at OpenQA.Selenium.Remote.RemoteWebDriver.UnpackAndThrowOnError(Response errorResponse)
   at OpenQA.Selenium.Remote.RemoteWebDriver.Execute(String driverCommandToExecute, Dictionary`2 parameters)
   at OpenQA.Selenium.Remote.RemoteWebElement.Click()
   at BatchCompletor.MoviesNotes.GoogleMovieWebPageParser.TryLoad(IWebDriver driver, String keys) in C:\Users\Administrator\Source\Repos\CineBot\BatchCompletor\MoviesNotes\GoogleMovieWebPageParser.cs:line 95
   at BatchCompletor.MoviesNotes.GoogleMovieWebPageParser.<>c__DisplayClass3_0.<Parse>b__1(<>f__AnonymousType0`2 movie) in C:\Users\Administrator\Source\Repos\CineBot\BatchCompletor\MoviesNotes\GoogleMovieWebPageParser.cs:line 44
2017-05-14 22:26:29.1216 Error : OpenQA.Selenium.ElementNotVisibleException: element not visible
  (Session info: chrome=57.0.2987.133)
  (Driver info: chromedriver=2.27.440174 (e97a722caafc2d3a8b807ee115bfb307f7d2cfd9),platform=Windows NT 6.3.9600 x86_64)
   at OpenQA.Selenium.Remote.RemoteWebDriver.UnpackAndThrowOnError(Response errorResponse)
   at OpenQA.Selenium.Remote.RemoteWebDriver.Execute(String driverCommandToExecute, Dictionary`2 parameters)
   at OpenQA.Selenium.Remote.RemoteWebElement.Click()
   at BatchCompletor.MoviesNotes.GoogleMovieWebPageParser.TryLoad(IWebDriver driver, String keys) in C:\Users\Administrator\Source\Repos\CineBot\BatchCompletor\MoviesNotes\GoogleMovieWebPageParser.cs:line 95
   at BatchCompletor.MoviesNotes.GoogleMovieWebPageParser.<>c__DisplayClass3_0.<Parse>b__1(<>f__AnonymousType0`2 movie) in C:\Users\Administrator\Source\Repos\CineBot\BatchCompletor\MoviesNotes\GoogleMovieWebPageParser.cs:line 44
2017-05-14 22:26:39.6684 Error : OpenQA.Selenium.ElementNotVisibleException: element not visible
  (Session info: chrome=57.0.2987.133)
  (Driver info: chromedriver=2.27.440174 (e97a722caafc2d3a8b807ee115bfb307f7d2cfd9),platform=Windows NT 6.3.9600 x86_64)
   at OpenQA.Selenium.Remote.RemoteWebDriver.UnpackAndThrowOnError(Response errorResponse)
   at OpenQA.Selenium.Remote.RemoteWebDriver.Execute(String driverCommandToExecute, Dictionary`2 parameters)
   at OpenQA.Selenium.Remote.RemoteWebElement.Click()
   at BatchCompletor.MoviesNotes.GoogleMovieWebPageParser.TryLoad(IWebDriver driver, String keys) in C:\Users\Administrator\Source\Repos\CineBot\BatchCompletor\MoviesNotes\GoogleMovieWebPageParser.cs:line 95
   at BatchCompletor.MoviesNotes.GoogleMovieWebPageParser.<>c__DisplayClass3_0.<Parse>b__1(<>f__AnonymousType0`2 movie) in C:\Users\Administrator\Source\Repos\CineBot\BatchCompletor\MoviesNotes\GoogleMovieWebPageParser.cs:line 44
2017-05-14 22:26:50.1704 Error : OpenQA.Selenium.ElementNotVisibleException: element not visible
  (Session info: chrome=57.0.2987.133)
  (Driver info: chromedriver=2.27.440174 (e97a722caafc2d3a8b807ee115bfb307f7d2cfd9),platform=Windows NT 6.3.9600 x86_64)
   at OpenQA.Selenium.Remote.RemoteWebDriver.UnpackAndThrowOnError(Response errorResponse)
   at OpenQA.Selenium.Remote.RemoteWebDriver.Execute(String driverCommandToExecute, Dictionary`2 parameters)
   at OpenQA.Selenium.Remote.RemoteWebElement.Click()
   at BatchCompletor.MoviesNotes.GoogleMovieWebPageParser.TryLoad(IWebDriver driver, String keys) in C:\Users\Administrator\Source\Repos\CineBot\BatchCompletor\MoviesNotes\GoogleMovieWebPageParser.cs:line 95
   at BatchCompletor.MoviesNotes.GoogleMovieWebPageParser.<>c__DisplayClass3_0.<Parse>b__1(<>f__AnonymousType0`2 movie) in C:\Users\Administrator\Source\Repos\CineBot\BatchCompletor\MoviesNotes\GoogleMovieWebPageParser.cs:line 44
2017-05-14 22:27:00.7104 Error : OpenQA.Selenium.ElementNotVisibleException: element not visible
  (Session info: chrome=57.0.2987.133)
  (Driver info: chromedriver=2.27.440174 (e97a722caafc2d3a8b807ee115bfb307f7d2cfd9),platform=Windows NT 6.3.9600 x86_64)
   at OpenQA.Selenium.Remote.RemoteWebDriver.UnpackAndThrowOnError(Response errorResponse)
   at OpenQA.Selenium.Remote.RemoteWebDriver.Execute(String driverCommandToExecute, Dictionary`2 parameters)
   at OpenQA.Selenium.Remote.RemoteWebElement.Click()
   at BatchCompletor.MoviesNotes.GoogleMovieWebPageParser.TryLoad(IWebDriver driver, String keys) in C:\Users\Administrator\Source\Repos\CineBot\BatchCompletor\MoviesNotes\GoogleMovieWebPageParser.cs:line 95
   at BatchCompletor.MoviesNotes.GoogleMovieWebPageParser.<>c__DisplayClass3_0.<Parse>b__1(<>f__AnonymousType0`2 movie) in C:\Users\Administrator\Source\Repos\CineBot\BatchCompletor\MoviesNotes\GoogleMovieWebPageParser.cs:line 44
2017-05-14 22:27:11.2485 Error : OpenQA.Selenium.ElementNotVisibleException: element not visible
  (Session info: chrome=57.0.2987.133)
  (Driver info: chromedriver=2.27.440174 (e97a722caafc2d3a8b807ee115bfb307f7d2cfd9),platform=Windows NT 6.3.9600 x86_64)
   at OpenQA.Selenium.Remote.RemoteWebDriver.UnpackAndThrowOnError(Response errorResponse)
   at OpenQA.Selenium.Remote.RemoteWebDriver.Execute(String driverCommandToExecute, Dictionary`2 parameters)
   at OpenQA.Selenium.Remote.RemoteWebElement.Click()
   at BatchCompletor.MoviesNotes.GoogleMovieWebPageParser.TryLoad(IWebDriver driver, String keys) in C:\Users\Administrator\Source\Repos\CineBot\BatchCompletor\MoviesNotes\GoogleMovieWebPageParser.cs:line 95
   at BatchCompletor.MoviesNotes.GoogleMovieWebPageParser.<>c__DisplayClass3_0.<Parse>b__1(<>f__AnonymousType0`2 movie) in C:\Users\Administrator\Source\Repos\CineBot\BatchCompletor\MoviesNotes\GoogleMovieWebPageParser.cs:line 44
2017-05-14 22:27:21.9194 Error : OpenQA.Selenium.ElementNotVisibleException: element not visible
  (Session info: chrome=57.0.2987.133)
  (Driver info: chromedriver=2.27.440174 (e97a722caafc2d3a8b807ee115bfb307f7d2cfd9),platform=Windows NT 6.3.9600 x86_64)
   at OpenQA.Selenium.Remote.RemoteWebDriver.UnpackAndThrowOnError(Response errorResponse)
   at OpenQA.Selenium.Remote.RemoteWebDriver.Execute(String driverCommandToExecute, Dictionary`2 parameters)
   at OpenQA.Selenium.Remote.RemoteWebElement.Click()
   at BatchCompletor.MoviesNotes.GoogleMovieWebPageParser.TryLoad(IWebDriver driver, String keys) in C:\Users\Administrator\Source\Repos\CineBot\BatchCompletor\MoviesNotes\GoogleMovieWebPageParser.cs:line 95
   at BatchCompletor.MoviesNotes.GoogleMovieWebPageParser.<>c__DisplayClass3_0.<Parse>b__1(<>f__AnonymousType0`2 movie) in C:\Users\Administrator\Source\Repos\CineBot\BatchCompletor\MoviesNotes\GoogleMovieWebPageParser.cs:line 44
2017-05-14 22:27:32.7153 Error : OpenQA.Selenium.ElementNotVisibleException: element not visible
  (Session info: chrome=57.0.2987.133)
  (Driver info: chromedriver=2.27.440174 (e97a722caafc2d3a8b807ee115bfb307f7d2cfd9),platform=Windows NT 6.3.9600 x86_64)
   at OpenQA.Selenium.Remote.RemoteWebDriver.UnpackAndThrowOnError(Response errorResponse)
   at OpenQA.Selenium.Remote.RemoteWebDriver.Execute(String driverCommandToExecute, Dictionary`2 parameters)
   at OpenQA.Selenium.Remote.RemoteWebElement.Click()
   at BatchCompletor.MoviesNotes.GoogleMovieWebPageParser.TryLoad(IWebDriver driver, String keys) in C:\Users\Administrator\Source\Repos\CineBot\BatchCompletor\MoviesNotes\GoogleMovieWebPageParser.cs:line 95
   at BatchCompletor.MoviesNotes.GoogleMovieWebPageParser.<>c__DisplayClass3_0.<Parse>b__1(<>f__AnonymousType0`2 movie) in C:\Users\Administrator\Source\Repos\CineBot\BatchCompletor\MoviesNotes\GoogleMovieWebPageParser.cs:line 44
2017-05-14 22:27:43.4340 Error : OpenQA.Selenium.ElementNotVisibleException: element not visible
  (Session info: chrome=57.0.2987.133)
  (Driver info: chromedriver=2.27.440174 (e97a722caafc2d3a8b807ee115bfb307f7d2cfd9),platform=Windows NT 6.3.9600 x86_64)
   at OpenQA.Selenium.Remote.RemoteWebDriver.UnpackAndThrowOnError(Response errorResponse)
   at OpenQA.Selenium.Remote.RemoteWebDriver.Execute(String driverCommandToExecute, Dictionary`2 parameters)
   at OpenQA.Selenium.Remote.RemoteWebElement.Click()
   at BatchCompletor.MoviesNotes.GoogleMovieWebPageParser.TryLoad(IWebDriver driver, String keys) in C:\Users\Administrator\Source\Repos\CineBot\BatchCompletor\MoviesNotes\GoogleMovieWebPageParser.cs:line 95
   at BatchCompletor.MoviesNotes.GoogleMovieWebPageParser.<>c__DisplayClass3_0.<Parse>b__1(<>f__AnonymousType0`2 movie) in C:\Users\Administrator\Source\Repos\CineBot\BatchCompletor\MoviesNotes\GoogleMovieWebPageParser.cs:line 44
2017-05-14 22:27:54.5747 Error : OpenQA.Selenium.ElementNotVisibleException: element not visible
  (Session info: chrome=57.0.2987.133)
  (Driver info: chromedriver=2.27.440174 (e97a722caafc2d3a8b807ee115bfb307f7d2cfd9),platform=Windows NT 6.3.9600 x86_64)
   at OpenQA.Selenium.Remote.RemoteWebDriver.UnpackAndThrowOnError(Response errorResponse)
   at OpenQA.Selenium.Remote.RemoteWebDriver.Execute(String driverCommandToExecute, Dictionary`2 parameters)
   at OpenQA.Selenium.Remote.RemoteWebElement.Click()
   at BatchCompletor.MoviesNotes.GoogleMovieWebPageParser.TryLoad(IWebDriver driver, String keys) in C:\Users\Administrator\Source\Repos\CineBot\BatchCompletor\MoviesNotes\GoogleMovieWebPageParser.cs:line 95
   at BatchCompletor.MoviesNotes.GoogleMovieWebPageParser.<>c__DisplayClass3_0.<Parse>b__1(<>f__AnonymousType0`2 movie) in C:\Users\Administrator\Source\Repos\CineBot\BatchCompletor\MoviesNotes\GoogleMovieWebPageParser.cs:line 44
2017-05-14 22:28:05.1860 Error : OpenQA.Selenium.ElementNotVisibleException: element not visible
  (Session info: chrome=57.0.2987.133)
  (Driver info: chromedriver=2.27.440174 (e97a722caafc2d3a8b807ee115bfb307f7d2cfd9),platform=Windows NT 6.3.9600 x86_64)
   at OpenQA.Selenium.Remote.RemoteWebDriver.UnpackAndThrowOnError(Response errorResponse)
   at OpenQA.Selenium.Remote.RemoteWebDriver.Execute(String driverCommandToExecute, Dictionary`2 parameters)
   at OpenQA.Selenium.Remote.RemoteWebElement.Click()
   at BatchCompletor.MoviesNotes.GoogleMovieWebPageParser.TryLoad(IWebDriver driver, String keys) in C:\Users\Administrator\Source\Repos\CineBot\BatchCompletor\MoviesNotes\GoogleMovieWebPageParser.cs:line 95
   at BatchCompletor.MoviesNotes.GoogleMovieWebPageParser.<>c__DisplayClass3_0.<Parse>b__1(<>f__AnonymousType0`2 movie) in C:\Users\Administrator\Source\Repos\CineBot\BatchCompletor\MoviesNotes\GoogleMovieWebPageParser.cs:line 44
2017-05-14 22:28:15.7515 Error : OpenQA.Selenium.ElementNotVisibleException: element not visible
  (Session info: chrome=57.0.2987.133)
  (Driver info: chromedriver=2.27.440174 (e97a722caafc2d3a8b807ee115bfb307f7d2cfd9),platform=Windows NT 6.3.9600 x86_64)
   at OpenQA.Selenium.Remote.RemoteWebDriver.UnpackAndThrowOnError(Response errorResponse)
   at OpenQA.Selenium.Remote.RemoteWebDriver.Execute(String driverCommandToExecute, Dictionary`2 parameters)
   at OpenQA.Selenium.Remote.RemoteWebElement.Click()
   at BatchCompletor.MoviesNotes.GoogleMovieWebPageParser.TryLoad(IWebDriver driver, String keys) in C:\Users\Administrator\Source\Repos\CineBot\BatchCompletor\MoviesNotes\GoogleMovieWebPageParser.cs:line 95
   at BatchCompletor.MoviesNotes.GoogleMovieWebPageParser.<>c__DisplayClass3_0.<Parse>b__1(<>f__AnonymousType0`2 movie) in C:\Users\Administrator\Source\Repos\CineBot\BatchCompletor\MoviesNotes\GoogleMovieWebPageParser.cs:line 44
2017-05-14 22:28:27.4204 Error : OpenQA.Selenium.ElementNotVisibleException: element not visible
  (Session info: chrome=57.0.2987.133)
  (Driver info: chromedriver=2.27.440174 (e97a722caafc2d3a8b807ee115bfb307f7d2cfd9),platform=Windows NT 6.3.9600 x86_64)
   at OpenQA.Selenium.Remote.RemoteWebDriver.UnpackAndThrowOnError(Response errorResponse)
   at OpenQA.Selenium.Remote.RemoteWebDriver.Execute(String driverCommandToExecute, Dictionary`2 parameters)
   at OpenQA.Selenium.Remote.RemoteWebElement.Click()
   at BatchCompletor.MoviesNotes.GoogleMovieWebPageParser.TryLoad(IWebDriver driver, String keys) in C:\Users\Administrator\Source\Repos\CineBot\BatchCompletor\MoviesNotes\GoogleMovieWebPageParser.cs:line 95
   at BatchCompletor.MoviesNotes.GoogleMovieWebPageParser.<>c__DisplayClass3_0.<Parse>b__1(<>f__AnonymousType0`2 movie) in C:\Users\Administrator\Source\Repos\CineBot\BatchCompletor\MoviesNotes\GoogleMovieWebPageParser.cs:line 44
2017-05-14 22:28:38.1733 Error : OpenQA.Selenium.ElementNotVisibleException: element not visible
  (Session info: chrome=57.0.2987.133)
  (Driver info: chromedriver=2.27.440174 (e97a722caafc2d3a8b807ee115bfb307f7d2cfd9),platform=Windows NT 6.3.9600 x86_64)
   at OpenQA.Selenium.Remote.RemoteWebDriver.UnpackAndThrowOnError(Response errorResponse)
   at OpenQA.Selenium.Remote.RemoteWebDriver.Execute(String driverCommandToExecute, Dictionary`2 parameters)
   at OpenQA.Selenium.Remote.RemoteWebElement.Click()
   at BatchCompletor.MoviesNotes.GoogleMovieWebPageParser.TryLoad(IWebDriver driver, String keys) in C:\Users\Administrator\Source\Repos\CineBot\BatchCompletor\MoviesNotes\GoogleMovieWebPageParser.cs:line 95
   at BatchCompletor.MoviesNotes.GoogleMovieWebPageParser.<>c__DisplayClass3_0.<Parse>b__1(<>f__AnonymousType0`2 movie) in C:\Users\Administrator\Source\Repos\CineBot\BatchCompletor\MoviesNotes\GoogleMovieWebPageParser.cs:line 44
2017-05-14 22:28:48.8100 Error : OpenQA.Selenium.ElementNotVisibleException: element not visible
  (Session info: chrome=57.0.2987.133)
  (Driver info: chromedriver=2.27.440174 (e97a722caafc2d3a8b807ee115bfb307f7d2cfd9),platform=Windows NT 6.3.9600 x86_64)
   at OpenQA.Selenium.Remote.RemoteWebDriver.UnpackAndThrowOnError(Response errorResponse)
   at OpenQA.Selenium.Remote.RemoteWebDriver.Execute(String driverCommandToExecute, Dictionary`2 parameters)
   at OpenQA.Selenium.Remote.RemoteWebElement.Click()
   at BatchCompletor.MoviesNotes.GoogleMovieWebPageParser.TryLoad(IWebDriver driver, String keys) in C:\Users\Administrator\Source\Repos\CineBot\BatchCompletor\MoviesNotes\GoogleMovieWebPageParser.cs:line 95
   at BatchCompletor.MoviesNotes.GoogleMovieWebPageParser.<>c__DisplayClass3_0.<Parse>b__1(<>f__AnonymousType0`2 movie) in C:\Users\Administrator\Source\Repos\CineBot\BatchCompletor\MoviesNotes\GoogleMovieWebPageParser.cs:line 44
2017-05-14 22:28:59.3853 Error : OpenQA.Selenium.ElementNotVisibleException: element not visible
  (Session info: chrome=57.0.2987.133)
  (Driver info: chromedriver=2.27.440174 (e97a722caafc2d3a8b807ee115bfb307f7d2cfd9),platform=Windows NT 6.3.9600 x86_64)
   at OpenQA.Selenium.Remote.RemoteWebDriver.UnpackAndThrowOnError(Response errorResponse)
   at OpenQA.Selenium.Remote.RemoteWebDriver.Execute(String driverCommandToExecute, Dictionary`2 parameters)
   at OpenQA.Selenium.Remote.RemoteWebElement.Click()
   at BatchCompletor.MoviesNotes.GoogleMovieWebPageParser.TryLoad(IWebDriver driver, String keys) in C:\Users\Administrator\Source\Repos\CineBot\BatchCompletor\MoviesNotes\GoogleMovieWebPageParser.cs:line 95
   at BatchCompletor.MoviesNotes.GoogleMovieWebPageParser.<>c__DisplayClass3_0.<Parse>b__1(<>f__AnonymousType0`2 movie) in C:\Users\Administrator\Source\Repos\CineBot\BatchCompletor\MoviesNotes\GoogleMovieWebPageParser.cs:line 44
2017-05-14 22:29:09.9594 Error : OpenQA.Selenium.ElementNotVisibleException: element not visible
  (Session info: chrome=57.0.2987.133)
  (Driver info: chromedriver=2.27.440174 (e97a722caafc2d3a8b807ee115bfb307f7d2cfd9),platform=Windows NT 6.3.9600 x86_64)
   at OpenQA.Selenium.Remote.RemoteWebDriver.UnpackAndThrowOnError(Response errorResponse)
   at OpenQA.Selenium.Remote.RemoteWebDriver.Execute(String driverCommandToExecute, Dictionary`2 parameters)
   at OpenQA.Selenium.Remote.RemoteWebElement.Click()
   at BatchCompletor.MoviesNotes.GoogleMovieWebPageParser.TryLoad(IWebDriver driver, String keys) in C:\Users\Administrator\Source\Repos\CineBot\BatchCompletor\MoviesNotes\GoogleMovieWebPageParser.cs:line 95
   at BatchCompletor.MoviesNotes.GoogleMovieWebPageParser.<>c__DisplayClass3_0.<Parse>b__1(<>f__AnonymousType0`2 movie) in C:\Users\Administrator\Source\Repos\CineBot\BatchCompletor\MoviesNotes\GoogleMovieWebPageParser.cs:line 44
2017-05-14 22:29:20.4800 Error : OpenQA.Selenium.ElementNotVisibleException: element not visible
  (Session info: chrome=57.0.2987.133)
  (Driver info: chromedriver=2.27.440174 (e97a722caafc2d3a8b807ee115bfb307f7d2cfd9),platform=Windows NT 6.3.9600 x86_64)
   at OpenQA.Selenium.Remote.RemoteWebDriver.UnpackAndThrowOnError(Response errorResponse)
   at OpenQA.Selenium.Remote.RemoteWebDriver.Execute(String driverCommandToExecute, Dictionary`2 parameters)
   at OpenQA.Selenium.Remote.RemoteWebElement.Click()
   at BatchCompletor.MoviesNotes.GoogleMovieWebPageParser.TryLoad(IWebDriver driver, String keys) in C:\Users\Administrator\Source\Repos\CineBot\BatchCompletor\MoviesNotes\GoogleMovieWebPageParser.cs:line 95
   at BatchCompletor.MoviesNotes.GoogleMovieWebPageParser.<>c__DisplayClass3_0.<Parse>b__1(<>f__AnonymousType0`2 movie) in C:\Users\Administrator\Source\Repos\CineBot\BatchCompletor\MoviesNotes\GoogleMovieWebPageParser.cs:line 44
2017-05-14 22:29:31.0142 Error : OpenQA.Selenium.ElementNotVisibleException: element not visible
  (Session info: chrome=57.0.2987.133)
  (Driver info: chromedriver=2.27.440174 (e97a722caafc2d3a8b807ee115bfb307f7d2cfd9),platform=Windows NT 6.3.9600 x86_64)
   at OpenQA.Selenium.Remote.RemoteWebDriver.UnpackAndThrowOnError(Response errorResponse)
   at OpenQA.Selenium.Remote.RemoteWebDriver.Execute(String driverCommandToExecute, Dictionary`2 parameters)
   at OpenQA.Selenium.Remote.RemoteWebElement.Click()
   at BatchCompletor.MoviesNotes.GoogleMovieWebPageParser.TryLoad(IWebDriver driver, String keys) in C:\Users\Administrator\Source\Repos\CineBot\BatchCompletor\MoviesNotes\GoogleMovieWebPageParser.cs:line 95
   at BatchCompletor.MoviesNotes.GoogleMovieWebPageParser.<>c__DisplayClass3_0.<Parse>b__1(<>f__AnonymousType0`2 movie) in C:\Users\Administrator\Source\Repos\CineBot\BatchCompletor\MoviesNotes\GoogleMovieWebPageParser.cs:line 44
2017-05-14 22:30:03.0083 Error : OpenQA.Selenium.ElementNotVisibleException: element not visible
  (Session info: chrome=57.0.2987.133)
  (Driver info: chromedriver=2.27.440174 (e97a722caafc2d3a8b807ee115bfb307f7d2cfd9),platform=Windows NT 6.3.9600 x86_64)
   at OpenQA.Selenium.Remote.RemoteWebDriver.UnpackAndThrowOnError(Response errorResponse)
   at OpenQA.Selenium.Remote.RemoteWebDriver.Execute(String driverCommandToExecute, Dictionary`2 parameters)
   at OpenQA.Selenium.Remote.RemoteWebElement.Click()
   at BatchCompletor.MoviesNotes.GoogleMovieWebPageParser.TryLoad(IWebDriver driver, String keys) in C:\Users\Administrator\Source\Repos\CineBot\BatchCompletor\MoviesNotes\GoogleMovieWebPageParser.cs:line 95
   at BatchCompletor.MoviesNotes.GoogleMovieWebPageParser.<>c__DisplayClass3_0.<Parse>b__1(<>f__AnonymousType0`2 movie) in C:\Users\Administrator\Source\Repos\CineBot\BatchCompletor\MoviesNotes\GoogleMovieWebPageParser.cs:line 45
2017-05-14 22:30:24.4428 movie : Phillauri index : 170 
2017-05-14 22:30:36.2065 Error : OpenQA.Selenium.ElementNotVisibleException: element not visible
  (Session info: chrome=57.0.2987.133)
  (Driver info: chromedriver=2.27.440174 (e97a722caafc2d3a8b807ee115bfb307f7d2cfd9),platform=Windows NT 6.3.9600 x86_64)
   at OpenQA.Selenium.Remote.RemoteWebDriver.UnpackAndThrowOnError(Response errorResponse)
   at OpenQA.Selenium.Remote.RemoteWebDriver.Execute(String driverCommandToExecute, Dictionary`2 parameters)
   at OpenQA.Selenium.Remote.RemoteWebElement.Click()
   at BatchCompletor.MoviesNotes.GoogleMovieWebPageParser.TryLoad(IWebDriver driver, String keys) in C:\Users\Administrator\Source\Repos\CineBot\BatchCompletor\MoviesNotes\GoogleMovieWebPageParser.cs:line 95
   at BatchCompletor.MoviesNotes.GoogleMovieWebPageParser.<>c__DisplayClass3_0.<Parse>b__1(<>f__AnonymousType0`2 movie) in C:\Users\Administrator\Source\Repos\CineBot\BatchCompletor\MoviesNotes\GoogleMovieWebPageParser.cs:line 44
2017-05-14 22:30:46.8286 Error : OpenQA.Selenium.ElementNotVisibleException: element not visible
  (Session info: chrome=57.0.2987.133)
  (Driver info: chromedriver=2.27.440174 (e97a722caafc2d3a8b807ee115bfb307f7d2cfd9),platform=Windows NT 6.3.9600 x86_64)
   at OpenQA.Selenium.Remote.RemoteWebDriver.UnpackAndThrowOnError(Response errorResponse)
   at OpenQA.Selenium.Remote.RemoteWebDriver.Execute(String driverCommandToExecute, Dictionary`2 parameters)
   at OpenQA.Selenium.Remote.RemoteWebElement.Click()
   at BatchCompletor.MoviesNotes.GoogleMovieWebPageParser.TryLoad(IWebDriver driver, String keys) in C:\Users\Administrator\Source\Repos\CineBot\BatchCompletor\MoviesNotes\GoogleMovieWebPageParser.cs:line 95
   at BatchCompletor.MoviesNotes.GoogleMovieWebPageParser.<>c__DisplayClass3_0.<Parse>b__1(<>f__AnonymousType0`2 movie) in C:\Users\Administrator\Source\Repos\CineBot\BatchCompletor\MoviesNotes\GoogleMovieWebPageParser.cs:line 44
2017-05-14 22:31:41.4184 Error : OpenQA.Selenium.ElementNotVisibleException: element not visible
  (Session info: chrome=57.0.2987.133)
  (Driver info: chromedriver=2.27.440174 (e97a722caafc2d3a8b807ee115bfb307f7d2cfd9),platform=Windows NT 6.3.9600 x86_64)
   at OpenQA.Selenium.Remote.RemoteWebDriver.UnpackAndThrowOnError(Response errorResponse)
   at OpenQA.Selenium.Remote.RemoteWebDriver.Execute(String driverCommandToExecute, Dictionary`2 parameters)
   at OpenQA.Selenium.Remote.RemoteWebElement.Click()
   at BatchCompletor.MoviesNotes.GoogleMovieWebPageParser.TryLoad(IWebDriver driver, String keys) in C:\Users\Administrator\Source\Repos\CineBot\BatchCompletor\MoviesNotes\GoogleMovieWebPageParser.cs:line 95
   at BatchCompletor.MoviesNotes.GoogleMovieWebPageParser.<>c__DisplayClass3_0.<Parse>b__1(<>f__AnonymousType0`2 movie) in C:\Users\Administrator\Source\Repos\CineBot\BatchCompletor\MoviesNotes\GoogleMovieWebPageParser.cs:line 46
2017-05-14 22:31:52.1899 Error : OpenQA.Selenium.ElementNotVisibleException: element not visible
  (Session info: chrome=57.0.2987.133)
  (Driver info: chromedriver=2.27.440174 (e97a722caafc2d3a8b807ee115bfb307f7d2cfd9),platform=Windows NT 6.3.9600 x86_64)
   at OpenQA.Selenium.Remote.RemoteWebDriver.UnpackAndThrowOnError(Response errorResponse)
   at OpenQA.Selenium.Remote.RemoteWebDriver.Execute(String driverCommandToExecute, Dictionary`2 parameters)
   at OpenQA.Selenium.Remote.RemoteWebElement.Click()
   at BatchCompletor.MoviesNotes.GoogleMovieWebPageParser.TryLoad(IWebDriver driver, String keys) in C:\Users\Administrator\Source\Repos\CineBot\BatchCompletor\MoviesNotes\GoogleMovieWebPageParser.cs:line 95
   at BatchCompletor.MoviesNotes.GoogleMovieWebPageParser.<>c__DisplayClass3_0.<Parse>b__1(<>f__AnonymousType0`2 movie) in C:\Users\Administrator\Source\Repos\CineBot\BatchCompletor\MoviesNotes\GoogleMovieWebPageParser.cs:line 44
2017-05-14 22:32:02.7505 Error : OpenQA.Selenium.ElementNotVisibleException: element not visible
  (Session info: chrome=57.0.2987.133)
  (Driver info: chromedriver=2.27.440174 (e97a722caafc2d3a8b807ee115bfb307f7d2cfd9),platform=Windows NT 6.3.9600 x86_64)
   at OpenQA.Selenium.Remote.RemoteWebDriver.UnpackAndThrowOnError(Response errorResponse)
   at OpenQA.Selenium.Remote.RemoteWebDriver.Execute(String driverCommandToExecute, Dictionary`2 parameters)
   at OpenQA.Selenium.Remote.RemoteWebElement.Click()
   at BatchCompletor.MoviesNotes.GoogleMovieWebPageParser.TryLoad(IWebDriver driver, String keys) in C:\Users\Administrator\Source\Repos\CineBot\BatchCompletor\MoviesNotes\GoogleMovieWebPageParser.cs:line 95
   at BatchCompletor.MoviesNotes.GoogleMovieWebPageParser.<>c__DisplayClass3_0.<Parse>b__1(<>f__AnonymousType0`2 movie) in C:\Users\Administrator\Source\Repos\CineBot\BatchCompletor\MoviesNotes\GoogleMovieWebPageParser.cs:line 44
2017-05-14 22:32:13.3882 Error : OpenQA.Selenium.ElementNotVisibleException: element not visible
  (Session info: chrome=57.0.2987.133)
  (Driver info: chromedriver=2.27.440174 (e97a722caafc2d3a8b807ee115bfb307f7d2cfd9),platform=Windows NT 6.3.9600 x86_64)
   at OpenQA.Selenium.Remote.RemoteWebDriver.UnpackAndThrowOnError(Response errorResponse)
   at OpenQA.Selenium.Remote.RemoteWebDriver.Execute(String driverCommandToExecute, Dictionary`2 parameters)
   at OpenQA.Selenium.Remote.RemoteWebElement.Click()
   at BatchCompletor.MoviesNotes.GoogleMovieWebPageParser.TryLoad(IWebDriver driver, String keys) in C:\Users\Administrator\Source\Repos\CineBot\BatchCompletor\MoviesNotes\GoogleMovieWebPageParser.cs:line 95
   at BatchCompletor.MoviesNotes.GoogleMovieWebPageParser.<>c__DisplayClass3_0.<Parse>b__1(<>f__AnonymousType0`2 movie) in C:\Users\Administrator\Source\Repos\CineBot\BatchCompletor\MoviesNotes\GoogleMovieWebPageParser.cs:line 44
2017-05-14 22:32:24.1880 Error : OpenQA.Selenium.ElementNotVisibleException: element not visible
  (Session info: chrome=57.0.2987.133)
  (Driver info: chromedriver=2.27.440174 (e97a722caafc2d3a8b807ee115bfb307f7d2cfd9),platform=Windows NT 6.3.9600 x86_64)
   at OpenQA.Selenium.Remote.RemoteWebDriver.UnpackAndThrowOnError(Response errorResponse)
   at OpenQA.Selenium.Remote.RemoteWebDriver.Execute(String driverCommandToExecute, Dictionary`2 parameters)
   at OpenQA.Selenium.Remote.RemoteWebElement.Click()
   at BatchCompletor.MoviesNotes.GoogleMovieWebPageParser.TryLoad(IWebDriver driver, String keys) in C:\Users\Administrator\Source\Repos\CineBot\BatchCompletor\MoviesNotes\GoogleMovieWebPageParser.cs:line 95
   at BatchCompletor.MoviesNotes.GoogleMovieWebPageParser.<>c__DisplayClass3_0.<Parse>b__1(<>f__AnonymousType0`2 movie) in C:\Users\Administrator\Source\Repos\CineBot\BatchCompletor\MoviesNotes\GoogleMovieWebPageParser.cs:line 44
2017-05-14 22:32:34.7924 Error : OpenQA.Selenium.ElementNotVisibleException: element not visible
  (Session info: chrome=57.0.2987.133)
  (Driver info: chromedriver=2.27.440174 (e97a722caafc2d3a8b807ee115bfb307f7d2cfd9),platform=Windows NT 6.3.9600 x86_64)
   at OpenQA.Selenium.Remote.RemoteWebDriver.UnpackAndThrowOnError(Response errorResponse)
   at OpenQA.Selenium.Remote.RemoteWebDriver.Execute(String driverCommandToExecute, Dictionary`2 parameters)
   at OpenQA.Selenium.Remote.RemoteWebElement.Click()
   at BatchCompletor.MoviesNotes.GoogleMovieWebPageParser.TryLoad(IWebDriver driver, String keys) in C:\Users\Administrator\Source\Repos\CineBot\BatchCompletor\MoviesNotes\GoogleMovieWebPageParser.cs:line 95
   at BatchCompletor.MoviesNotes.GoogleMovieWebPageParser.<>c__DisplayClass3_0.<Parse>b__1(<>f__AnonymousType0`2 movie) in C:\Users\Administrator\Source\Repos\CineBot\BatchCompletor\MoviesNotes\GoogleMovieWebPageParser.cs:line 44
2017-05-14 22:33:07.2564 Error : OpenQA.Selenium.ElementNotVisibleException: element not visible
  (Session info: chrome=57.0.2987.133)
  (Driver info: chromedriver=2.27.440174 (e97a722caafc2d3a8b807ee115bfb307f7d2cfd9),platform=Windows NT 6.3.9600 x86_64)
   at OpenQA.Selenium.Remote.RemoteWebDriver.UnpackAndThrowOnError(Response errorResponse)
   at OpenQA.Selenium.Remote.RemoteWebDriver.Execute(String driverCommandToExecute, Dictionary`2 parameters)
   at OpenQA.Selenium.Remote.RemoteWebElement.Click()
   at BatchCompletor.MoviesNotes.GoogleMovieWebPageParser.TryLoad(IWebDriver driver, String keys) in C:\Users\Administrator\Source\Repos\CineBot\BatchCompletor\MoviesNotes\GoogleMovieWebPageParser.cs:line 95
   at BatchCompletor.MoviesNotes.GoogleMovieWebPageParser.<>c__DisplayClass3_0.<Parse>b__1(<>f__AnonymousType0`2 movie) in C:\Users\Administrator\Source\Repos\CineBot\BatchCompletor\MoviesNotes\GoogleMovieWebPageParser.cs:line 45
2017-05-14 22:33:17.8178 Error : OpenQA.Selenium.ElementNotVisibleException: element not visible
  (Session info: chrome=57.0.2987.133)
  (Driver info: chromedriver=2.27.440174 (e97a722caafc2d3a8b807ee115bfb307f7d2cfd9),platform=Windows NT 6.3.9600 x86_64)
   at OpenQA.Selenium.Remote.RemoteWebDriver.UnpackAndThrowOnError(Response errorResponse)
   at OpenQA.Selenium.Remote.RemoteWebDriver.Execute(String driverCommandToExecute, Dictionary`2 parameters)
   at OpenQA.Selenium.Remote.RemoteWebElement.Click()
   at BatchCompletor.MoviesNotes.GoogleMovieWebPageParser.TryLoad(IWebDriver driver, String keys) in C:\Users\Administrator\Source\Repos\CineBot\BatchCompletor\MoviesNotes\GoogleMovieWebPageParser.cs:line 95
   at BatchCompletor.MoviesNotes.GoogleMovieWebPageParser.<>c__DisplayClass3_0.<Parse>b__1(<>f__AnonymousType0`2 movie) in C:\Users\Administrator\Source\Repos\CineBot\BatchCompletor\MoviesNotes\GoogleMovieWebPageParser.cs:line 44
2017-05-14 22:33:28.4820 Error : OpenQA.Selenium.ElementNotVisibleException: element not visible
  (Session info: chrome=57.0.2987.133)
  (Driver info: chromedriver=2.27.440174 (e97a722caafc2d3a8b807ee115bfb307f7d2cfd9),platform=Windows NT 6.3.9600 x86_64)
   at OpenQA.Selenium.Remote.RemoteWebDriver.UnpackAndThrowOnError(Response errorResponse)
   at OpenQA.Selenium.Remote.RemoteWebDriver.Execute(String driverCommandToExecute, Dictionary`2 parameters)
   at OpenQA.Selenium.Remote.RemoteWebElement.Click()
   at BatchCompletor.MoviesNotes.GoogleMovieWebPageParser.TryLoad(IWebDriver driver, String keys) in C:\Users\Administrator\Source\Repos\CineBot\BatchCompletor\MoviesNotes\GoogleMovieWebPageParser.cs:line 95
   at BatchCompletor.MoviesNotes.GoogleMovieWebPageParser.<>c__DisplayClass3_0.<Parse>b__1(<>f__AnonymousType0`2 movie) in C:\Users\Administrator\Source\Repos\CineBot\BatchCompletor\MoviesNotes\GoogleMovieWebPageParser.cs:line 44
2017-05-14 22:33:39.0864 Error : OpenQA.Selenium.ElementNotVisibleException: element not visible
  (Session info: chrome=57.0.2987.133)
  (Driver info: chromedriver=2.27.440174 (e97a722caafc2d3a8b807ee115bfb307f7d2cfd9),platform=Windows NT 6.3.9600 x86_64)
   at OpenQA.Selenium.Remote.RemoteWebDriver.UnpackAndThrowOnError(Response errorResponse)
   at OpenQA.Selenium.Remote.RemoteWebDriver.Execute(String driverCommandToExecute, Dictionary`2 parameters)
   at OpenQA.Selenium.Remote.RemoteWebElement.Click()
   at BatchCompletor.MoviesNotes.GoogleMovieWebPageParser.TryLoad(IWebDriver driver, String keys) in C:\Users\Administrator\Source\Repos\CineBot\BatchCompletor\MoviesNotes\GoogleMovieWebPageParser.cs:line 95
   at BatchCompletor.MoviesNotes.GoogleMovieWebPageParser.<>c__DisplayClass3_0.<Parse>b__1(<>f__AnonymousType0`2 movie) in C:\Users\Administrator\Source\Repos\CineBot\BatchCompletor\MoviesNotes\GoogleMovieWebPageParser.cs:line 44
2017-05-14 22:33:49.7085 Error : OpenQA.Selenium.ElementNotVisibleException: element not visible
  (Session info: chrome=57.0.2987.133)
  (Driver info: chromedriver=2.27.440174 (e97a722caafc2d3a8b807ee115bfb307f7d2cfd9),platform=Windows NT 6.3.9600 x86_64)
   at OpenQA.Selenium.Remote.RemoteWebDriver.UnpackAndThrowOnError(Response errorResponse)
   at OpenQA.Selenium.Remote.RemoteWebDriver.Execute(String driverCommandToExecute, Dictionary`2 parameters)
   at OpenQA.Selenium.Remote.RemoteWebElement.Click()
   at BatchCompletor.MoviesNotes.GoogleMovieWebPageParser.TryLoad(IWebDriver driver, String keys) in C:\Users\Administrator\Source\Repos\CineBot\BatchCompletor\MoviesNotes\GoogleMovieWebPageParser.cs:line 95
   at BatchCompletor.MoviesNotes.GoogleMovieWebPageParser.<>c__DisplayClass3_0.<Parse>b__1(<>f__AnonymousType0`2 movie) in C:\Users\Administrator\Source\Repos\CineBot\BatchCompletor\MoviesNotes\GoogleMovieWebPageParser.cs:line 44
2017-05-14 22:34:00.2017 Error : OpenQA.Selenium.ElementNotVisibleException: element not visible
  (Session info: chrome=57.0.2987.133)
  (Driver info: chromedriver=2.27.440174 (e97a722caafc2d3a8b807ee115bfb307f7d2cfd9),platform=Windows NT 6.3.9600 x86_64)
   at OpenQA.Selenium.Remote.RemoteWebDriver.UnpackAndThrowOnError(Response errorResponse)
   at OpenQA.Selenium.Remote.RemoteWebDriver.Execute(String driverCommandToExecute, Dictionary`2 parameters)
   at OpenQA.Selenium.Remote.RemoteWebElement.Click()
   at BatchCompletor.MoviesNotes.GoogleMovieWebPageParser.TryLoad(IWebDriver driver, String keys) in C:\Users\Administrator\Source\Repos\CineBot\BatchCompletor\MoviesNotes\GoogleMovieWebPageParser.cs:line 95
   at BatchCompletor.MoviesNotes.GoogleMovieWebPageParser.<>c__DisplayClass3_0.<Parse>b__1(<>f__AnonymousType0`2 movie) in C:\Users\Administrator\Source\Repos\CineBot\BatchCompletor\MoviesNotes\GoogleMovieWebPageParser.cs:line 44
2017-05-14 22:34:10.8589 Error : OpenQA.Selenium.ElementNotVisibleException: element not visible
  (Session info: chrome=57.0.2987.133)
  (Driver info: chromedriver=2.27.440174 (e97a722caafc2d3a8b807ee115bfb307f7d2cfd9),platform=Windows NT 6.3.9600 x86_64)
   at OpenQA.Selenium.Remote.RemoteWebDriver.UnpackAndThrowOnError(Response errorResponse)
   at OpenQA.Selenium.Remote.RemoteWebDriver.Execute(String driverCommandToExecute, Dictionary`2 parameters)
   at OpenQA.Selenium.Remote.RemoteWebElement.Click()
   at BatchCompletor.MoviesNotes.GoogleMovieWebPageParser.TryLoad(IWebDriver driver, String keys) in C:\Users\Administrator\Source\Repos\CineBot\BatchCompletor\MoviesNotes\GoogleMovieWebPageParser.cs:line 95
   at BatchCompletor.MoviesNotes.GoogleMovieWebPageParser.<>c__DisplayClass3_0.<Parse>b__1(<>f__AnonymousType0`2 movie) in C:\Users\Administrator\Source\Repos\CineBot\BatchCompletor\MoviesNotes\GoogleMovieWebPageParser.cs:line 44
2017-05-14 22:34:21.4263 Error : OpenQA.Selenium.ElementNotVisibleException: element not visible
  (Session info: chrome=57.0.2987.133)
  (Driver info: chromedriver=2.27.440174 (e97a722caafc2d3a8b807ee115bfb307f7d2cfd9),platform=Windows NT 6.3.9600 x86_64)
   at OpenQA.Selenium.Remote.RemoteWebDriver.UnpackAndThrowOnError(Response errorResponse)
   at OpenQA.Selenium.Remote.RemoteWebDriver.Execute(String driverCommandToExecute, Dictionary`2 parameters)
   at OpenQA.Selenium.Remote.RemoteWebElement.Click()
   at BatchCompletor.MoviesNotes.GoogleMovieWebPageParser.TryLoad(IWebDriver driver, String keys) in C:\Users\Administrator\Source\Repos\CineBot\BatchCompletor\MoviesNotes\GoogleMovieWebPageParser.cs:line 95
   at BatchCompletor.MoviesNotes.GoogleMovieWebPageParser.<>c__DisplayClass3_0.<Parse>b__1(<>f__AnonymousType0`2 movie) in C:\Users\Administrator\Source\Repos\CineBot\BatchCompletor\MoviesNotes\GoogleMovieWebPageParser.cs:line 44
2017-05-14 22:34:31.9594 Error : OpenQA.Selenium.ElementNotVisibleException: element not visible
  (Session info: chrome=57.0.2987.133)
  (Driver info: chromedriver=2.27.440174 (e97a722caafc2d3a8b807ee115bfb307f7d2cfd9),platform=Windows NT 6.3.9600 x86_64)
   at OpenQA.Selenium.Remote.RemoteWebDriver.UnpackAndThrowOnError(Response errorResponse)
   at OpenQA.Selenium.Remote.RemoteWebDriver.Execute(String driverCommandToExecute, Dictionary`2 parameters)
   at OpenQA.Selenium.Remote.RemoteWebElement.Click()
   at BatchCompletor.MoviesNotes.GoogleMovieWebPageParser.TryLoad(IWebDriver driver, String keys) in C:\Users\Administrator\Source\Repos\CineBot\BatchCompletor\MoviesNotes\GoogleMovieWebPageParser.cs:line 95
   at BatchCompletor.MoviesNotes.GoogleMovieWebPageParser.<>c__DisplayClass3_0.<Parse>b__1(<>f__AnonymousType0`2 movie) in C:\Users\Administrator\Source\Repos\CineBot\BatchCompletor\MoviesNotes\GoogleMovieWebPageParser.cs:line 44
2017-05-14 22:34:54.5191 movie : Brimstone index : 188 
2017-05-14 22:35:05.4879 Error : OpenQA.Selenium.ElementNotVisibleException: element not visible
  (Session info: chrome=57.0.2987.133)
  (Driver info: chromedriver=2.27.440174 (e97a722caafc2d3a8b807ee115bfb307f7d2cfd9),platform=Windows NT 6.3.9600 x86_64)
   at OpenQA.Selenium.Remote.RemoteWebDriver.UnpackAndThrowOnError(Response errorResponse)
   at OpenQA.Selenium.Remote.RemoteWebDriver.Execute(String driverCommandToExecute, Dictionary`2 parameters)
   at OpenQA.Selenium.Remote.RemoteWebElement.Click()
   at BatchCompletor.MoviesNotes.GoogleMovieWebPageParser.TryLoad(IWebDriver driver, String keys) in C:\Users\Administrator\Source\Repos\CineBot\BatchCompletor\MoviesNotes\GoogleMovieWebPageParser.cs:line 95
   at BatchCompletor.MoviesNotes.GoogleMovieWebPageParser.<>c__DisplayClass3_0.<Parse>b__1(<>f__AnonymousType0`2 movie) in C:\Users\Administrator\Source\Repos\CineBot\BatchCompletor\MoviesNotes\GoogleMovieWebPageParser.cs:line 44
2017-05-14 22:35:16.1333 Error : OpenQA.Selenium.ElementNotVisibleException: element not visible
  (Session info: chrome=57.0.2987.133)
  (Driver info: chromedriver=2.27.440174 (e97a722caafc2d3a8b807ee115bfb307f7d2cfd9),platform=Windows NT 6.3.9600 x86_64)
   at OpenQA.Selenium.Remote.RemoteWebDriver.UnpackAndThrowOnError(Response errorResponse)
   at OpenQA.Selenium.Remote.RemoteWebDriver.Execute(String driverCommandToExecute, Dictionary`2 parameters)
   at OpenQA.Selenium.Remote.RemoteWebElement.Click()
   at BatchCompletor.MoviesNotes.GoogleMovieWebPageParser.TryLoad(IWebDriver driver, String keys) in C:\Users\Administrator\Source\Repos\CineBot\BatchCompletor\MoviesNotes\GoogleMovieWebPageParser.cs:line 95
   at BatchCompletor.MoviesNotes.GoogleMovieWebPageParser.<>c__DisplayClass3_0.<Parse>b__1(<>f__AnonymousType0`2 movie) in C:\Users\Administrator\Source\Repos\CineBot\BatchCompletor\MoviesNotes\GoogleMovieWebPageParser.cs:line 44
2017-05-14 22:35:26.9116 Error : OpenQA.Selenium.ElementNotVisibleException: element not visible
  (Session info: chrome=57.0.2987.133)
  (Driver info: chromedriver=2.27.440174 (e97a722caafc2d3a8b807ee115bfb307f7d2cfd9),platform=Windows NT 6.3.9600 x86_64)
   at OpenQA.Selenium.Remote.RemoteWebDriver.UnpackAndThrowOnError(Response errorResponse)
   at OpenQA.Selenium.Remote.RemoteWebDriver.Execute(String driverCommandToExecute, Dictionary`2 parameters)
   at OpenQA.Selenium.Remote.RemoteWebElement.Click()
   at BatchCompletor.MoviesNotes.GoogleMovieWebPageParser.TryLoad(IWebDriver driver, String keys) in C:\Users\Administrator\Source\Repos\CineBot\BatchCompletor\MoviesNotes\GoogleMovieWebPageParser.cs:line 95
   at BatchCompletor.MoviesNotes.GoogleMovieWebPageParser.<>c__DisplayClass3_0.<Parse>b__1(<>f__AnonymousType0`2 movie) in C:\Users\Administrator\Source\Repos\CineBot\BatchCompletor\MoviesNotes\GoogleMovieWebPageParser.cs:line 44
2017-05-14 22:35:48.3247 movie : Fantastic birthday index : 192 
2017-05-14 22:35:58.9956 Error : OpenQA.Selenium.ElementNotVisibleException: element not visible
  (Session info: chrome=57.0.2987.133)
  (Driver info: chromedriver=2.27.440174 (e97a722caafc2d3a8b807ee115bfb307f7d2cfd9),platform=Windows NT 6.3.9600 x86_64)
   at OpenQA.Selenium.Remote.RemoteWebDriver.UnpackAndThrowOnError(Response errorResponse)
   at OpenQA.Selenium.Remote.RemoteWebDriver.Execute(String driverCommandToExecute, Dictionary`2 parameters)
   at OpenQA.Selenium.Remote.RemoteWebElement.Click()
   at BatchCompletor.MoviesNotes.GoogleMovieWebPageParser.TryLoad(IWebDriver driver, String keys) in C:\Users\Administrator\Source\Repos\CineBot\BatchCompletor\MoviesNotes\GoogleMovieWebPageParser.cs:line 95
   at BatchCompletor.MoviesNotes.GoogleMovieWebPageParser.<>c__DisplayClass3_0.<Parse>b__1(<>f__AnonymousType0`2 movie) in C:\Users\Administrator\Source\Repos\CineBot\BatchCompletor\MoviesNotes\GoogleMovieWebPageParser.cs:line 44
2017-05-14 22:36:20.3432 movie : N'importe qui index : 194 
2017-05-14 22:36:31.2280 Error : OpenQA.Selenium.ElementNotVisibleException: element not visible
  (Session info: chrome=57.0.2987.133)
  (Driver info: chromedriver=2.27.440174 (e97a722caafc2d3a8b807ee115bfb307f7d2cfd9),platform=Windows NT 6.3.9600 x86_64)
   at OpenQA.Selenium.Remote.RemoteWebDriver.UnpackAndThrowOnError(Response errorResponse)
   at OpenQA.Selenium.Remote.RemoteWebDriver.Execute(String driverCommandToExecute, Dictionary`2 parameters)
   at OpenQA.Selenium.Remote.RemoteWebElement.Click()
   at BatchCompletor.MoviesNotes.GoogleMovieWebPageParser.TryLoad(IWebDriver driver, String keys) in C:\Users\Administrator\Source\Repos\CineBot\BatchCompletor\MoviesNotes\GoogleMovieWebPageParser.cs:line 95
   at BatchCompletor.MoviesNotes.GoogleMovieWebPageParser.<>c__DisplayClass3_0.<Parse>b__1(<>f__AnonymousType0`2 movie) in C:\Users\Administrator\Source\Repos\CineBot\BatchCompletor\MoviesNotes\GoogleMovieWebPageParser.cs:line 44
2017-05-14 22:36:41.8355 Error : OpenQA.Selenium.ElementNotVisibleException: element not visible
  (Session info: chrome=57.0.2987.133)
  (Driver info: chromedriver=2.27.440174 (e97a722caafc2d3a8b807ee115bfb307f7d2cfd9),platform=Windows NT 6.3.9600 x86_64)
   at OpenQA.Selenium.Remote.RemoteWebDriver.UnpackAndThrowOnError(Response errorResponse)
   at OpenQA.Selenium.Remote.RemoteWebDriver.Execute(String driverCommandToExecute, Dictionary`2 parameters)
   at OpenQA.Selenium.Remote.RemoteWebElement.Click()
   at BatchCompletor.MoviesNotes.GoogleMovieWebPageParser.TryLoad(IWebDriver driver, String keys) in C:\Users\Administrator\Source\Repos\CineBot\BatchCompletor\MoviesNotes\GoogleMovieWebPageParser.cs:line 95
   at BatchCompletor.MoviesNotes.GoogleMovieWebPageParser.<>c__DisplayClass3_0.<Parse>b__1(<>f__AnonymousType0`2 movie) in C:\Users\Administrator\Source\Repos\CineBot\BatchCompletor\MoviesNotes\GoogleMovieWebPageParser.cs:line 44
2017-05-14 22:36:53.4008 Error : OpenQA.Selenium.ElementNotVisibleException: element not visible
  (Session info: chrome=57.0.2987.133)
  (Driver info: chromedriver=2.27.440174 (e97a722caafc2d3a8b807ee115bfb307f7d2cfd9),platform=Windows NT 6.3.9600 x86_64)
   at OpenQA.Selenium.Remote.RemoteWebDriver.UnpackAndThrowOnError(Response errorResponse)
   at OpenQA.Selenium.Remote.RemoteWebDriver.Execute(String driverCommandToExecute, Dictionary`2 parameters)
   at OpenQA.Selenium.Remote.RemoteWebElement.Click()
   at BatchCompletor.MoviesNotes.GoogleMovieWebPageParser.TryLoad(IWebDriver driver, String keys) in C:\Users\Administrator\Source\Repos\CineBot\BatchCompletor\MoviesNotes\GoogleMovieWebPageParser.cs:line 95
   at BatchCompletor.MoviesNotes.GoogleMovieWebPageParser.<>c__DisplayClass3_0.<Parse>b__1(<>f__AnonymousType0`2 movie) in C:\Users\Administrator\Source\Repos\CineBot\BatchCompletor\MoviesNotes\GoogleMovieWebPageParser.cs:line 44
2017-05-14 22:37:16.4653 movie : Sword of Vengeance index : 198 
2017-05-14 22:37:27.1772 Error : OpenQA.Selenium.ElementNotVisibleException: element not visible
  (Session info: chrome=57.0.2987.133)
  (Driver info: chromedriver=2.27.440174 (e97a722caafc2d3a8b807ee115bfb307f7d2cfd9),platform=Windows NT 6.3.9600 x86_64)
   at OpenQA.Selenium.Remote.RemoteWebDriver.UnpackAndThrowOnError(Response errorResponse)
   at OpenQA.Selenium.Remote.RemoteWebDriver.Execute(String driverCommandToExecute, Dictionary`2 parameters)
   at OpenQA.Selenium.Remote.RemoteWebElement.Click()
   at BatchCompletor.MoviesNotes.GoogleMovieWebPageParser.TryLoad(IWebDriver driver, String keys) in C:\Users\Administrator\Source\Repos\CineBot\BatchCompletor\MoviesNotes\GoogleMovieWebPageParser.cs:line 95
   at BatchCompletor.MoviesNotes.GoogleMovieWebPageParser.<>c__DisplayClass3_0.<Parse>b__1(<>f__AnonymousType0`2 movie) in C:\Users\Administrator\Source\Repos\CineBot\BatchCompletor\MoviesNotes\GoogleMovieWebPageParser.cs:line 44
2017-05-14 22:37:37.7739 Error : OpenQA.Selenium.ElementNotVisibleException: element not visible
  (Session info: chrome=57.0.2987.133)
  (Driver info: chromedriver=2.27.440174 (e97a722caafc2d3a8b807ee115bfb307f7d2cfd9),platform=Windows NT 6.3.9600 x86_64)
   at OpenQA.Selenium.Remote.RemoteWebDriver.UnpackAndThrowOnError(Response errorResponse)
   at OpenQA.Selenium.Remote.RemoteWebDriver.Execute(String driverCommandToExecute, Dictionary`2 parameters)
   at OpenQA.Selenium.Remote.RemoteWebElement.Click()
   at BatchCompletor.MoviesNotes.GoogleMovieWebPageParser.TryLoad(IWebDriver driver, String keys) in C:\Users\Administrator\Source\Repos\CineBot\BatchCompletor\MoviesNotes\GoogleMovieWebPageParser.cs:line 95
   at BatchCompletor.MoviesNotes.GoogleMovieWebPageParser.<>c__DisplayClass3_0.<Parse>b__1(<>f__AnonymousType0`2 movie) in C:\Users\Administrator\Source\Repos\CineBot\BatchCompletor\MoviesNotes\GoogleMovieWebPageParser.cs:line 44
2017-05-14 22:37:48.3149 Error : OpenQA.Selenium.ElementNotVisibleException: element not visible
  (Session info: chrome=57.0.2987.133)
  (Driver info: chromedriver=2.27.440174 (e97a722caafc2d3a8b807ee115bfb307f7d2cfd9),platform=Windows NT 6.3.9600 x86_64)
   at OpenQA.Selenium.Remote.RemoteWebDriver.UnpackAndThrowOnError(Response errorResponse)
   at OpenQA.Selenium.Remote.RemoteWebDriver.Execute(String driverCommandToExecute, Dictionary`2 parameters)
   at OpenQA.Selenium.Remote.RemoteWebElement.Click()
   at BatchCompletor.MoviesNotes.GoogleMovieWebPageParser.TryLoad(IWebDriver driver, String keys) in C:\Users\Administrator\Source\Repos\CineBot\BatchCompletor\MoviesNotes\GoogleMovieWebPageParser.cs:line 95
   at BatchCompletor.MoviesNotes.GoogleMovieWebPageParser.<>c__DisplayClass3_0.<Parse>b__1(<>f__AnonymousType0`2 movie) in C:\Users\Administrator\Source\Repos\CineBot\BatchCompletor\MoviesNotes\GoogleMovieWebPageParser.cs:line 44
2017-05-14 22:37:58.9438 Error : OpenQA.Selenium.ElementNotVisibleException: element not visible
  (Session info: chrome=57.0.2987.133)
  (Driver info: chromedriver=2.27.440174 (e97a722caafc2d3a8b807ee115bfb307f7d2cfd9),platform=Windows NT 6.3.9600 x86_64)
   at OpenQA.Selenium.Remote.RemoteWebDriver.UnpackAndThrowOnError(Response errorResponse)
   at OpenQA.Selenium.Remote.RemoteWebDriver.Execute(String driverCommandToExecute, Dictionary`2 parameters)
   at OpenQA.Selenium.Remote.RemoteWebElement.Click()
   at BatchCompletor.MoviesNotes.GoogleMovieWebPageParser.TryLoad(IWebDriver driver, String keys) in C:\Users\Administrator\Source\Repos\CineBot\BatchCompletor\MoviesNotes\GoogleMovieWebPageParser.cs:line 95
   at BatchCompletor.MoviesNotes.GoogleMovieWebPageParser.<>c__DisplayClass3_0.<Parse>b__1(<>f__AnonymousType0`2 movie) in C:\Users\Administrator\Source\Repos\CineBot\BatchCompletor\MoviesNotes\GoogleMovieWebPageParser.cs:line 44
2017-05-14 22:38:30.9360 Error : OpenQA.Selenium.ElementNotVisibleException: element not visible
  (Session info: chrome=57.0.2987.133)
  (Driver info: chromedriver=2.27.440174 (e97a722caafc2d3a8b807ee115bfb307f7d2cfd9),platform=Windows NT 6.3.9600 x86_64)
   at OpenQA.Selenium.Remote.RemoteWebDriver.UnpackAndThrowOnError(Response errorResponse)
   at OpenQA.Selenium.Remote.RemoteWebDriver.Execute(String driverCommandToExecute, Dictionary`2 parameters)
   at OpenQA.Selenium.Remote.RemoteWebElement.Click()
   at BatchCompletor.MoviesNotes.GoogleMovieWebPageParser.TryLoad(IWebDriver driver, String keys) in C:\Users\Administrator\Source\Repos\CineBot\BatchCompletor\MoviesNotes\GoogleMovieWebPageParser.cs:line 95
   at BatchCompletor.MoviesNotes.GoogleMovieWebPageParser.<>c__DisplayClass3_0.<Parse>b__1(<>f__AnonymousType0`2 movie) in C:\Users\Administrator\Source\Repos\CineBot\BatchCompletor\MoviesNotes\GoogleMovieWebPageParser.cs:line 45
2017-05-14 22:38:41.4419 Error : OpenQA.Selenium.ElementNotVisibleException: element not visible
  (Session info: chrome=57.0.2987.133)
  (Driver info: chromedriver=2.27.440174 (e97a722caafc2d3a8b807ee115bfb307f7d2cfd9),platform=Windows NT 6.3.9600 x86_64)
   at OpenQA.Selenium.Remote.RemoteWebDriver.UnpackAndThrowOnError(Response errorResponse)
   at OpenQA.Selenium.Remote.RemoteWebDriver.Execute(String driverCommandToExecute, Dictionary`2 parameters)
   at OpenQA.Selenium.Remote.RemoteWebElement.Click()
   at BatchCompletor.MoviesNotes.GoogleMovieWebPageParser.TryLoad(IWebDriver driver, String keys) in C:\Users\Administrator\Source\Repos\CineBot\BatchCompletor\MoviesNotes\GoogleMovieWebPageParser.cs:line 95
   at BatchCompletor.MoviesNotes.GoogleMovieWebPageParser.<>c__DisplayClass3_0.<Parse>b__1(<>f__AnonymousType0`2 movie) in C:\Users\Administrator\Source\Repos\CineBot\BatchCompletor\MoviesNotes\GoogleMovieWebPageParser.cs:line 44
2017-05-14 22:38:52.1343 Error : OpenQA.Selenium.ElementNotVisibleException: element not visible
  (Session info: chrome=57.0.2987.133)
  (Driver info: chromedriver=2.27.440174 (e97a722caafc2d3a8b807ee115bfb307f7d2cfd9),platform=Windows NT 6.3.9600 x86_64)
   at OpenQA.Selenium.Remote.RemoteWebDriver.UnpackAndThrowOnError(Response errorResponse)
   at OpenQA.Selenium.Remote.RemoteWebDriver.Execute(String driverCommandToExecute, Dictionary`2 parameters)
   at OpenQA.Selenium.Remote.RemoteWebElement.Click()
   at BatchCompletor.MoviesNotes.GoogleMovieWebPageParser.TryLoad(IWebDriver driver, String keys) in C:\Users\Administrator\Source\Repos\CineBot\BatchCompletor\MoviesNotes\GoogleMovieWebPageParser.cs:line 95
   at BatchCompletor.MoviesNotes.GoogleMovieWebPageParser.<>c__DisplayClass3_0.<Parse>b__1(<>f__AnonymousType0`2 movie) in C:\Users\Administrator\Source\Repos\CineBot\BatchCompletor\MoviesNotes\GoogleMovieWebPageParser.cs:line 44
2017-05-14 22:39:14.6469 movie : Shannon's Rainbow index : 206 
2017-05-14 22:39:25.4556 Error : OpenQA.Selenium.ElementNotVisibleException: element not visible
  (Session info: chrome=57.0.2987.133)
  (Driver info: chromedriver=2.27.440174 (e97a722caafc2d3a8b807ee115bfb307f7d2cfd9),platform=Windows NT 6.3.9600 x86_64)
   at OpenQA.Selenium.Remote.RemoteWebDriver.UnpackAndThrowOnError(Response errorResponse)
   at OpenQA.Selenium.Remote.RemoteWebDriver.Execute(String driverCommandToExecute, Dictionary`2 parameters)
   at OpenQA.Selenium.Remote.RemoteWebElement.Click()
   at BatchCompletor.MoviesNotes.GoogleMovieWebPageParser.TryLoad(IWebDriver driver, String keys) in C:\Users\Administrator\Source\Repos\CineBot\BatchCompletor\MoviesNotes\GoogleMovieWebPageParser.cs:line 95
   at BatchCompletor.MoviesNotes.GoogleMovieWebPageParser.<>c__DisplayClass3_0.<Parse>b__1(<>f__AnonymousType0`2 movie) in C:\Users\Administrator\Source\Repos\CineBot\BatchCompletor\MoviesNotes\GoogleMovieWebPageParser.cs:line 44
2017-05-14 22:39:36.0073 Error : OpenQA.Selenium.ElementNotVisibleException: element not visible
  (Session info: chrome=57.0.2987.133)
  (Driver info: chromedriver=2.27.440174 (e97a722caafc2d3a8b807ee115bfb307f7d2cfd9),platform=Windows NT 6.3.9600 x86_64)
   at OpenQA.Selenium.Remote.RemoteWebDriver.UnpackAndThrowOnError(Response errorResponse)
   at OpenQA.Selenium.Remote.RemoteWebDriver.Execute(String driverCommandToExecute, Dictionary`2 parameters)
   at OpenQA.Selenium.Remote.RemoteWebElement.Click()
   at BatchCompletor.MoviesNotes.GoogleMovieWebPageParser.TryLoad(IWebDriver driver, String keys) in C:\Users\Administrator\Source\Repos\CineBot\BatchCompletor\MoviesNotes\GoogleMovieWebPageParser.cs:line 95
   at BatchCompletor.MoviesNotes.GoogleMovieWebPageParser.<>c__DisplayClass3_0.<Parse>b__1(<>f__AnonymousType0`2 movie) in C:\Users\Administrator\Source\Repos\CineBot\BatchCompletor\MoviesNotes\GoogleMovieWebPageParser.cs:line 44
2017-05-14 22:39:57.3755 movie : Monsieur Destinée index : 209 
2017-05-14 22:40:08.1792 Error : OpenQA.Selenium.ElementNotVisibleException: element not visible
  (Session info: chrome=57.0.2987.133)
  (Driver info: chromedriver=2.27.440174 (e97a722caafc2d3a8b807ee115bfb307f7d2cfd9),platform=Windows NT 6.3.9600 x86_64)
   at OpenQA.Selenium.Remote.RemoteWebDriver.UnpackAndThrowOnError(Response errorResponse)
   at OpenQA.Selenium.Remote.RemoteWebDriver.Execute(String driverCommandToExecute, Dictionary`2 parameters)
   at OpenQA.Selenium.Remote.RemoteWebElement.Click()
   at BatchCompletor.MoviesNotes.GoogleMovieWebPageParser.TryLoad(IWebDriver driver, String keys) in C:\Users\Administrator\Source\Repos\CineBot\BatchCompletor\MoviesNotes\GoogleMovieWebPageParser.cs:line 95
   at BatchCompletor.MoviesNotes.GoogleMovieWebPageParser.<>c__DisplayClass3_0.<Parse>b__1(<>f__AnonymousType0`2 movie) in C:\Users\Administrator\Source\Repos\CineBot\BatchCompletor\MoviesNotes\GoogleMovieWebPageParser.cs:line 44
2017-05-14 22:40:18.7710 Error : OpenQA.Selenium.ElementNotVisibleException: element not visible
  (Session info: chrome=57.0.2987.133)
  (Driver info: chromedriver=2.27.440174 (e97a722caafc2d3a8b807ee115bfb307f7d2cfd9),platform=Windows NT 6.3.9600 x86_64)
   at OpenQA.Selenium.Remote.RemoteWebDriver.UnpackAndThrowOnError(Response errorResponse)
   at OpenQA.Selenium.Remote.RemoteWebDriver.Execute(String driverCommandToExecute, Dictionary`2 parameters)
   at OpenQA.Selenium.Remote.RemoteWebElement.Click()
   at BatchCompletor.MoviesNotes.GoogleMovieWebPageParser.TryLoad(IWebDriver driver, String keys) in C:\Users\Administrator\Source\Repos\CineBot\BatchCompletor\MoviesNotes\GoogleMovieWebPageParser.cs:line 95
   at BatchCompletor.MoviesNotes.GoogleMovieWebPageParser.<>c__DisplayClass3_0.<Parse>b__1(<>f__AnonymousType0`2 movie) in C:\Users\Administrator\Source\Repos\CineBot\BatchCompletor\MoviesNotes\GoogleMovieWebPageParser.cs:line 44
2017-05-14 22:40:29.3755 Error : OpenQA.Selenium.ElementNotVisibleException: element not visible
  (Session info: chrome=57.0.2987.133)
  (Driver info: chromedriver=2.27.440174 (e97a722caafc2d3a8b807ee115bfb307f7d2cfd9),platform=Windows NT 6.3.9600 x86_64)
   at OpenQA.Selenium.Remote.RemoteWebDriver.UnpackAndThrowOnError(Response errorResponse)
   at OpenQA.Selenium.Remote.RemoteWebDriver.Execute(String driverCommandToExecute, Dictionary`2 parameters)
   at OpenQA.Selenium.Remote.RemoteWebElement.Click()
   at BatchCompletor.MoviesNotes.GoogleMovieWebPageParser.TryLoad(IWebDriver driver, String keys) in C:\Users\Administrator\Source\Repos\CineBot\BatchCompletor\MoviesNotes\GoogleMovieWebPageParser.cs:line 95
   at BatchCompletor.MoviesNotes.GoogleMovieWebPageParser.<>c__DisplayClass3_0.<Parse>b__1(<>f__AnonymousType0`2 movie) in C:\Users\Administrator\Source\Repos\CineBot\BatchCompletor\MoviesNotes\GoogleMovieWebPageParser.cs:line 44
2017-05-14 22:40:40.0747 Error : OpenQA.Selenium.ElementNotVisibleException: element not visible
  (Session info: chrome=57.0.2987.133)
  (Driver info: chromedriver=2.27.440174 (e97a722caafc2d3a8b807ee115bfb307f7d2cfd9),platform=Windows NT 6.3.9600 x86_64)
   at OpenQA.Selenium.Remote.RemoteWebDriver.UnpackAndThrowOnError(Response errorResponse)
   at OpenQA.Selenium.Remote.RemoteWebDriver.Execute(String driverCommandToExecute, Dictionary`2 parameters)
   at OpenQA.Selenium.Remote.RemoteWebElement.Click()
   at BatchCompletor.MoviesNotes.GoogleMovieWebPageParser.TryLoad(IWebDriver driver, String keys) in C:\Users\Administrator\Source\Repos\CineBot\BatchCompletor\MoviesNotes\GoogleMovieWebPageParser.cs:line 95
   at BatchCompletor.MoviesNotes.GoogleMovieWebPageParser.<>c__DisplayClass3_0.<Parse>b__1(<>f__AnonymousType0`2 movie) in C:\Users\Administrator\Source\Repos\CineBot\BatchCompletor\MoviesNotes\GoogleMovieWebPageParser.cs:line 44
2017-05-14 22:41:02.5073 movie : Huang Feihong Zhi Yingxiong You Meng index : 214 
2017-05-14 22:41:13.5015 Error : OpenQA.Selenium.ElementNotVisibleException: element not visible
  (Session info: chrome=57.0.2987.133)
  (Driver info: chromedriver=2.27.440174 (e97a722caafc2d3a8b807ee115bfb307f7d2cfd9),platform=Windows NT 6.3.9600 x86_64)
   at OpenQA.Selenium.Remote.RemoteWebDriver.UnpackAndThrowOnError(Response errorResponse)
   at OpenQA.Selenium.Remote.RemoteWebDriver.Execute(String driverCommandToExecute, Dictionary`2 parameters)
   at OpenQA.Selenium.Remote.RemoteWebElement.Click()
   at BatchCompletor.MoviesNotes.GoogleMovieWebPageParser.TryLoad(IWebDriver driver, String keys) in C:\Users\Administrator\Source\Repos\CineBot\BatchCompletor\MoviesNotes\GoogleMovieWebPageParser.cs:line 95
   at BatchCompletor.MoviesNotes.GoogleMovieWebPageParser.<>c__DisplayClass3_0.<Parse>b__1(<>f__AnonymousType0`2 movie) in C:\Users\Administrator\Source\Repos\CineBot\BatchCompletor\MoviesNotes\GoogleMovieWebPageParser.cs:line 44
2017-05-14 22:41:24.1069 Error : OpenQA.Selenium.ElementNotVisibleException: element not visible
  (Session info: chrome=57.0.2987.133)
  (Driver info: chromedriver=2.27.440174 (e97a722caafc2d3a8b807ee115bfb307f7d2cfd9),platform=Windows NT 6.3.9600 x86_64)
   at OpenQA.Selenium.Remote.RemoteWebDriver.UnpackAndThrowOnError(Response errorResponse)
   at OpenQA.Selenium.Remote.RemoteWebDriver.Execute(String driverCommandToExecute, Dictionary`2 parameters)
   at OpenQA.Selenium.Remote.RemoteWebElement.Click()
   at BatchCompletor.MoviesNotes.GoogleMovieWebPageParser.TryLoad(IWebDriver driver, String keys) in C:\Users\Administrator\Source\Repos\CineBot\BatchCompletor\MoviesNotes\GoogleMovieWebPageParser.cs:line 95
   at BatchCompletor.MoviesNotes.GoogleMovieWebPageParser.<>c__DisplayClass3_0.<Parse>b__1(<>f__AnonymousType0`2 movie) in C:\Users\Administrator\Source\Repos\CineBot\BatchCompletor\MoviesNotes\GoogleMovieWebPageParser.cs:line 44
2017-05-14 22:41:34.7945 Error : OpenQA.Selenium.ElementNotVisibleException: element not visible
  (Session info: chrome=57.0.2987.133)
  (Driver info: chromedriver=2.27.440174 (e97a722caafc2d3a8b807ee115bfb307f7d2cfd9),platform=Windows NT 6.3.9600 x86_64)
   at OpenQA.Selenium.Remote.RemoteWebDriver.UnpackAndThrowOnError(Response errorResponse)
   at OpenQA.Selenium.Remote.RemoteWebDriver.Execute(String driverCommandToExecute, Dictionary`2 parameters)
   at OpenQA.Selenium.Remote.RemoteWebElement.Click()
   at BatchCompletor.MoviesNotes.GoogleMovieWebPageParser.TryLoad(IWebDriver driver, String keys) in C:\Users\Administrator\Source\Repos\CineBot\BatchCompletor\MoviesNotes\GoogleMovieWebPageParser.cs:line 95
   at BatchCompletor.MoviesNotes.GoogleMovieWebPageParser.<>c__DisplayClass3_0.<Parse>b__1(<>f__AnonymousType0`2 movie) in C:\Users\Administrator\Source\Repos\CineBot\BatchCompletor\MoviesNotes\GoogleMovieWebPageParser.cs:line 44
2017-05-14 22:41:45.4018 Error : OpenQA.Selenium.ElementNotVisibleException: element not visible
  (Session info: chrome=57.0.2987.133)
  (Driver info: chromedriver=2.27.440174 (e97a722caafc2d3a8b807ee115bfb307f7d2cfd9),platform=Windows NT 6.3.9600 x86_64)
   at OpenQA.Selenium.Remote.RemoteWebDriver.UnpackAndThrowOnError(Response errorResponse)
   at OpenQA.Selenium.Remote.RemoteWebDriver.Execute(String driverCommandToExecute, Dictionary`2 parameters)
   at OpenQA.Selenium.Remote.RemoteWebElement.Click()
   at BatchCompletor.MoviesNotes.GoogleMovieWebPageParser.TryLoad(IWebDriver driver, String keys) in C:\Users\Administrator\Source\Repos\CineBot\BatchCompletor\MoviesNotes\GoogleMovieWebPageParser.cs:line 95
   at BatchCompletor.MoviesNotes.GoogleMovieWebPageParser.<>c__DisplayClass3_0.<Parse>b__1(<>f__AnonymousType0`2 movie) in C:\Users\Administrator\Source\Repos\CineBot\BatchCompletor\MoviesNotes\GoogleMovieWebPageParser.cs:line 44
2017-05-14 22:41:56.0826 Error : OpenQA.Selenium.ElementNotVisibleException: element not visible
  (Session info: chrome=57.0.2987.133)
  (Driver info: chromedriver=2.27.440174 (e97a722caafc2d3a8b807ee115bfb307f7d2cfd9),platform=Windows NT 6.3.9600 x86_64)
   at OpenQA.Selenium.Remote.RemoteWebDriver.UnpackAndThrowOnError(Response errorResponse)
   at OpenQA.Selenium.Remote.RemoteWebDriver.Execute(String driverCommandToExecute, Dictionary`2 parameters)
   at OpenQA.Selenium.Remote.RemoteWebElement.Click()
   at BatchCompletor.MoviesNotes.GoogleMovieWebPageParser.TryLoad(IWebDriver driver, String keys) in C:\Users\Administrator\Source\Repos\CineBot\BatchCompletor\MoviesNotes\GoogleMovieWebPageParser.cs:line 95
   at BatchCompletor.MoviesNotes.GoogleMovieWebPageParser.<>c__DisplayClass3_0.<Parse>b__1(<>f__AnonymousType0`2 movie) in C:\Users\Administrator\Source\Repos\CineBot\BatchCompletor\MoviesNotes\GoogleMovieWebPageParser.cs:line 44
2017-05-14 22:42:06.8540 Error : OpenQA.Selenium.ElementNotVisibleException: element not visible
  (Session info: chrome=57.0.2987.133)
  (Driver info: chromedriver=2.27.440174 (e97a722caafc2d3a8b807ee115bfb307f7d2cfd9),platform=Windows NT 6.3.9600 x86_64)
   at OpenQA.Selenium.Remote.RemoteWebDriver.UnpackAndThrowOnError(Response errorResponse)
   at OpenQA.Selenium.Remote.RemoteWebDriver.Execute(String driverCommandToExecute, Dictionary`2 parameters)
   at OpenQA.Selenium.Remote.RemoteWebElement.Click()
   at BatchCompletor.MoviesNotes.GoogleMovieWebPageParser.TryLoad(IWebDriver driver, String keys) in C:\Users\Administrator\Source\Repos\CineBot\BatchCompletor\MoviesNotes\GoogleMovieWebPageParser.cs:line 95
   at BatchCompletor.MoviesNotes.GoogleMovieWebPageParser.<>c__DisplayClass3_0.<Parse>b__1(<>f__AnonymousType0`2 movie) in C:\Users\Administrator\Source\Repos\CineBot\BatchCompletor\MoviesNotes\GoogleMovieWebPageParser.cs:line 44
2017-05-14 22:42:17.4907 Error : OpenQA.Selenium.ElementNotVisibleException: element not visible
  (Session info: chrome=57.0.2987.133)
  (Driver info: chromedriver=2.27.440174 (e97a722caafc2d3a8b807ee115bfb307f7d2cfd9),platform=Windows NT 6.3.9600 x86_64)
   at OpenQA.Selenium.Remote.RemoteWebDriver.UnpackAndThrowOnError(Response errorResponse)
   at OpenQA.Selenium.Remote.RemoteWebDriver.Execute(String driverCommandToExecute, Dictionary`2 parameters)
   at OpenQA.Selenium.Remote.RemoteWebElement.Click()
   at BatchCompletor.MoviesNotes.GoogleMovieWebPageParser.TryLoad(IWebDriver driver, String keys) in C:\Users\Administrator\Source\Repos\CineBot\BatchCompletor\MoviesNotes\GoogleMovieWebPageParser.cs:line 95
   at BatchCompletor.MoviesNotes.GoogleMovieWebPageParser.<>c__DisplayClass3_0.<Parse>b__1(<>f__AnonymousType0`2 movie) in C:\Users\Administrator\Source\Repos\CineBot\BatchCompletor\MoviesNotes\GoogleMovieWebPageParser.cs:line 44
2017-05-14 22:42:28.1949 Error : OpenQA.Selenium.ElementNotVisibleException: element not visible
  (Session info: chrome=57.0.2987.133)
  (Driver info: chromedriver=2.27.440174 (e97a722caafc2d3a8b807ee115bfb307f7d2cfd9),platform=Windows NT 6.3.9600 x86_64)
   at OpenQA.Selenium.Remote.RemoteWebDriver.UnpackAndThrowOnError(Response errorResponse)
   at OpenQA.Selenium.Remote.RemoteWebDriver.Execute(String driverCommandToExecute, Dictionary`2 parameters)
   at OpenQA.Selenium.Remote.RemoteWebElement.Click()
   at BatchCompletor.MoviesNotes.GoogleMovieWebPageParser.TryLoad(IWebDriver driver, String keys) in C:\Users\Administrator\Source\Repos\CineBot\BatchCompletor\MoviesNotes\GoogleMovieWebPageParser.cs:line 95
   at BatchCompletor.MoviesNotes.GoogleMovieWebPageParser.<>c__DisplayClass3_0.<Parse>b__1(<>f__AnonymousType0`2 movie) in C:\Users\Administrator\Source\Repos\CineBot\BatchCompletor\MoviesNotes\GoogleMovieWebPageParser.cs:line 44
2017-05-14 22:42:39.0493 Error : OpenQA.Selenium.ElementNotVisibleException: element not visible
  (Session info: chrome=57.0.2987.133)
  (Driver info: chromedriver=2.27.440174 (e97a722caafc2d3a8b807ee115bfb307f7d2cfd9),platform=Windows NT 6.3.9600 x86_64)
   at OpenQA.Selenium.Remote.RemoteWebDriver.UnpackAndThrowOnError(Response errorResponse)
   at OpenQA.Selenium.Remote.RemoteWebDriver.Execute(String driverCommandToExecute, Dictionary`2 parameters)
   at OpenQA.Selenium.Remote.RemoteWebElement.Click()
   at BatchCompletor.MoviesNotes.GoogleMovieWebPageParser.TryLoad(IWebDriver driver, String keys) in C:\Users\Administrator\Source\Repos\CineBot\BatchCompletor\MoviesNotes\GoogleMovieWebPageParser.cs:line 95
   at BatchCompletor.MoviesNotes.GoogleMovieWebPageParser.<>c__DisplayClass3_0.<Parse>b__1(<>f__AnonymousType0`2 movie) in C:\Users\Administrator\Source\Repos\CineBot\BatchCompletor\MoviesNotes\GoogleMovieWebPageParser.cs:line 44
2017-05-14 22:43:00.3588 movie : Le Maître des îles index : 224 
2017-05-14 22:43:12.0171 Error : OpenQA.Selenium.ElementNotVisibleException: element not visible
  (Session info: chrome=57.0.2987.133)
  (Driver info: chromedriver=2.27.440174 (e97a722caafc2d3a8b807ee115bfb307f7d2cfd9),platform=Windows NT 6.3.9600 x86_64)
   at OpenQA.Selenium.Remote.RemoteWebDriver.UnpackAndThrowOnError(Response errorResponse)
   at OpenQA.Selenium.Remote.RemoteWebDriver.Execute(String driverCommandToExecute, Dictionary`2 parameters)
   at OpenQA.Selenium.Remote.RemoteWebElement.Click()
   at BatchCompletor.MoviesNotes.GoogleMovieWebPageParser.TryLoad(IWebDriver driver, String keys) in C:\Users\Administrator\Source\Repos\CineBot\BatchCompletor\MoviesNotes\GoogleMovieWebPageParser.cs:line 95
   at BatchCompletor.MoviesNotes.GoogleMovieWebPageParser.<>c__DisplayClass3_0.<Parse>b__1(<>f__AnonymousType0`2 movie) in C:\Users\Administrator\Source\Repos\CineBot\BatchCompletor\MoviesNotes\GoogleMovieWebPageParser.cs:line 44
2017-05-14 22:43:33.3862 movie : Beerfest index : 226 
2017-05-14 22:43:44.0385 Error : OpenQA.Selenium.ElementNotVisibleException: element not visible
  (Session info: chrome=57.0.2987.133)
  (Driver info: chromedriver=2.27.440174 (e97a722caafc2d3a8b807ee115bfb307f7d2cfd9),platform=Windows NT 6.3.9600 x86_64)
   at OpenQA.Selenium.Remote.RemoteWebDriver.UnpackAndThrowOnError(Response errorResponse)
   at OpenQA.Selenium.Remote.RemoteWebDriver.Execute(String driverCommandToExecute, Dictionary`2 parameters)
   at OpenQA.Selenium.Remote.RemoteWebElement.Click()
   at BatchCompletor.MoviesNotes.GoogleMovieWebPageParser.TryLoad(IWebDriver driver, String keys) in C:\Users\Administrator\Source\Repos\CineBot\BatchCompletor\MoviesNotes\GoogleMovieWebPageParser.cs:line 95
   at BatchCompletor.MoviesNotes.GoogleMovieWebPageParser.<>c__DisplayClass3_0.<Parse>b__1(<>f__AnonymousType0`2 movie) in C:\Users\Administrator\Source\Repos\CineBot\BatchCompletor\MoviesNotes\GoogleMovieWebPageParser.cs:line 44
2017-05-14 22:44:05.3081 movie : Drinking Buddies index : 228 
2017-05-14 22:44:15.8901 Error : OpenQA.Selenium.ElementNotVisibleException: element not visible
  (Session info: chrome=57.0.2987.133)
  (Driver info: chromedriver=2.27.440174 (e97a722caafc2d3a8b807ee115bfb307f7d2cfd9),platform=Windows NT 6.3.9600 x86_64)
   at OpenQA.Selenium.Remote.RemoteWebDriver.UnpackAndThrowOnError(Response errorResponse)
   at OpenQA.Selenium.Remote.RemoteWebDriver.Execute(String driverCommandToExecute, Dictionary`2 parameters)
   at OpenQA.Selenium.Remote.RemoteWebElement.Click()
   at BatchCompletor.MoviesNotes.GoogleMovieWebPageParser.TryLoad(IWebDriver driver, String keys) in C:\Users\Administrator\Source\Repos\CineBot\BatchCompletor\MoviesNotes\GoogleMovieWebPageParser.cs:line 95
   at BatchCompletor.MoviesNotes.GoogleMovieWebPageParser.<>c__DisplayClass3_0.<Parse>b__1(<>f__AnonymousType0`2 movie) in C:\Users\Administrator\Source\Repos\CineBot\BatchCompletor\MoviesNotes\GoogleMovieWebPageParser.cs:line 44
2017-05-14 22:44:26.4653 Error : OpenQA.Selenium.ElementNotVisibleException: element not visible
  (Session info: chrome=57.0.2987.133)
  (Driver info: chromedriver=2.27.440174 (e97a722caafc2d3a8b807ee115bfb307f7d2cfd9),platform=Windows NT 6.3.9600 x86_64)
   at OpenQA.Selenium.Remote.RemoteWebDriver.UnpackAndThrowOnError(Response errorResponse)
   at OpenQA.Selenium.Remote.RemoteWebDriver.Execute(String driverCommandToExecute, Dictionary`2 parameters)
   at OpenQA.Selenium.Remote.RemoteWebElement.Click()
   at BatchCompletor.MoviesNotes.GoogleMovieWebPageParser.TryLoad(IWebDriver driver, String keys) in C:\Users\Administrator\Source\Repos\CineBot\BatchCompletor\MoviesNotes\GoogleMovieWebPageParser.cs:line 95
   at BatchCompletor.MoviesNotes.GoogleMovieWebPageParser.<>c__DisplayClass3_0.<Parse>b__1(<>f__AnonymousType0`2 movie) in C:\Users\Administrator\Source\Repos\CineBot\BatchCompletor\MoviesNotes\GoogleMovieWebPageParser.cs:line 44
2017-05-14 22:44:37.0776 Error : OpenQA.Selenium.ElementNotVisibleException: element not visible
  (Session info: chrome=57.0.2987.133)
  (Driver info: chromedriver=2.27.440174 (e97a722caafc2d3a8b807ee115bfb307f7d2cfd9),platform=Windows NT 6.3.9600 x86_64)
   at OpenQA.Selenium.Remote.RemoteWebDriver.UnpackAndThrowOnError(Response errorResponse)
   at OpenQA.Selenium.Remote.RemoteWebDriver.Execute(String driverCommandToExecute, Dictionary`2 parameters)
   at OpenQA.Selenium.Remote.RemoteWebElement.Click()
   at BatchCompletor.MoviesNotes.GoogleMovieWebPageParser.TryLoad(IWebDriver driver, String keys) in C:\Users\Administrator\Source\Repos\CineBot\BatchCompletor\MoviesNotes\GoogleMovieWebPageParser.cs:line 95
   at BatchCompletor.MoviesNotes.GoogleMovieWebPageParser.<>c__DisplayClass3_0.<Parse>b__1(<>f__AnonymousType0`2 movie) in C:\Users\Administrator\Source\Repos\CineBot\BatchCompletor\MoviesNotes\GoogleMovieWebPageParser.cs:line 44
2017-05-14 22:44:58.3384 movie : Dead Bang index : 232 
2017-05-14 22:45:09.1206 Error : OpenQA.Selenium.ElementNotVisibleException: element not visible
  (Session info: chrome=57.0.2987.133)
  (Driver info: chromedriver=2.27.440174 (e97a722caafc2d3a8b807ee115bfb307f7d2cfd9),platform=Windows NT 6.3.9600 x86_64)
   at OpenQA.Selenium.Remote.RemoteWebDriver.UnpackAndThrowOnError(Response errorResponse)
   at OpenQA.Selenium.Remote.RemoteWebDriver.Execute(String driverCommandToExecute, Dictionary`2 parameters)
   at OpenQA.Selenium.Remote.RemoteWebElement.Click()
   at BatchCompletor.MoviesNotes.GoogleMovieWebPageParser.TryLoad(IWebDriver driver, String keys) in C:\Users\Administrator\Source\Repos\CineBot\BatchCompletor\MoviesNotes\GoogleMovieWebPageParser.cs:line 95
   at BatchCompletor.MoviesNotes.GoogleMovieWebPageParser.<>c__DisplayClass3_0.<Parse>b__1(<>f__AnonymousType0`2 movie) in C:\Users\Administrator\Source\Repos\CineBot\BatchCompletor\MoviesNotes\GoogleMovieWebPageParser.cs:line 44
2017-05-14 22:45:20.6792 Error : OpenQA.Selenium.ElementNotVisibleException: element not visible
  (Session info: chrome=57.0.2987.133)
  (Driver info: chromedriver=2.27.440174 (e97a722caafc2d3a8b807ee115bfb307f7d2cfd9),platform=Windows NT 6.3.9600 x86_64)
   at OpenQA.Selenium.Remote.RemoteWebDriver.UnpackAndThrowOnError(Response errorResponse)
   at OpenQA.Selenium.Remote.RemoteWebDriver.Execute(String driverCommandToExecute, Dictionary`2 parameters)
   at OpenQA.Selenium.Remote.RemoteWebElement.Click()
   at BatchCompletor.MoviesNotes.GoogleMovieWebPageParser.TryLoad(IWebDriver driver, String keys) in C:\Users\Administrator\Source\Repos\CineBot\BatchCompletor\MoviesNotes\GoogleMovieWebPageParser.cs:line 95
   at BatchCompletor.MoviesNotes.GoogleMovieWebPageParser.<>c__DisplayClass3_0.<Parse>b__1(<>f__AnonymousType0`2 movie) in C:\Users\Administrator\Source\Repos\CineBot\BatchCompletor\MoviesNotes\GoogleMovieWebPageParser.cs:line 44
2017-05-14 22:45:31.2544 Error : OpenQA.Selenium.ElementNotVisibleException: element not visible
  (Session info: chrome=57.0.2987.133)
  (Driver info: chromedriver=2.27.440174 (e97a722caafc2d3a8b807ee115bfb307f7d2cfd9),platform=Windows NT 6.3.9600 x86_64)
   at OpenQA.Selenium.Remote.RemoteWebDriver.UnpackAndThrowOnError(Response errorResponse)
   at OpenQA.Selenium.Remote.RemoteWebDriver.Execute(String driverCommandToExecute, Dictionary`2 parameters)
   at OpenQA.Selenium.Remote.RemoteWebElement.Click()
   at BatchCompletor.MoviesNotes.GoogleMovieWebPageParser.TryLoad(IWebDriver driver, String keys) in C:\Users\Administrator\Source\Repos\CineBot\BatchCompletor\MoviesNotes\GoogleMovieWebPageParser.cs:line 95
   at BatchCompletor.MoviesNotes.GoogleMovieWebPageParser.<>c__DisplayClass3_0.<Parse>b__1(<>f__AnonymousType0`2 movie) in C:\Users\Administrator\Source\Repos\CineBot\BatchCompletor\MoviesNotes\GoogleMovieWebPageParser.cs:line 44
2017-05-14 22:45:41.9477 Error : OpenQA.Selenium.ElementNotVisibleException: element not visible
  (Session info: chrome=57.0.2987.133)
  (Driver info: chromedriver=2.27.440174 (e97a722caafc2d3a8b807ee115bfb307f7d2cfd9),platform=Windows NT 6.3.9600 x86_64)
   at OpenQA.Selenium.Remote.RemoteWebDriver.UnpackAndThrowOnError(Response errorResponse)
   at OpenQA.Selenium.Remote.RemoteWebDriver.Execute(String driverCommandToExecute, Dictionary`2 parameters)
   at OpenQA.Selenium.Remote.RemoteWebElement.Click()
   at BatchCompletor.MoviesNotes.GoogleMovieWebPageParser.TryLoad(IWebDriver driver, String keys) in C:\Users\Administrator\Source\Repos\CineBot\BatchCompletor\MoviesNotes\GoogleMovieWebPageParser.cs:line 95
   at BatchCompletor.MoviesNotes.GoogleMovieWebPageParser.<>c__DisplayClass3_0.<Parse>b__1(<>f__AnonymousType0`2 movie) in C:\Users\Administrator\Source\Repos\CineBot\BatchCompletor\MoviesNotes\GoogleMovieWebPageParser.cs:line 44
2017-05-14 22:45:52.5503 Error : OpenQA.Selenium.ElementNotVisibleException: element not visible
  (Session info: chrome=57.0.2987.133)
  (Driver info: chromedriver=2.27.440174 (e97a722caafc2d3a8b807ee115bfb307f7d2cfd9),platform=Windows NT 6.3.9600 x86_64)
   at OpenQA.Selenium.Remote.RemoteWebDriver.UnpackAndThrowOnError(Response errorResponse)
   at OpenQA.Selenium.Remote.RemoteWebDriver.Execute(String driverCommandToExecute, Dictionary`2 parameters)
   at OpenQA.Selenium.Remote.RemoteWebElement.Click()
   at BatchCompletor.MoviesNotes.GoogleMovieWebPageParser.TryLoad(IWebDriver driver, String keys) in C:\Users\Administrator\Source\Repos\CineBot\BatchCompletor\MoviesNotes\GoogleMovieWebPageParser.cs:line 95
   at BatchCompletor.MoviesNotes.GoogleMovieWebPageParser.<>c__DisplayClass3_0.<Parse>b__1(<>f__AnonymousType0`2 movie) in C:\Users\Administrator\Source\Repos\CineBot\BatchCompletor\MoviesNotes\GoogleMovieWebPageParser.cs:line 44
2017-05-14 22:46:03.0806 Error : OpenQA.Selenium.ElementNotVisibleException: element not visible
  (Session info: chrome=57.0.2987.133)
  (Driver info: chromedriver=2.27.440174 (e97a722caafc2d3a8b807ee115bfb307f7d2cfd9),platform=Windows NT 6.3.9600 x86_64)
   at OpenQA.Selenium.Remote.RemoteWebDriver.UnpackAndThrowOnError(Response errorResponse)
   at OpenQA.Selenium.Remote.RemoteWebDriver.Execute(String driverCommandToExecute, Dictionary`2 parameters)
   at OpenQA.Selenium.Remote.RemoteWebElement.Click()
   at BatchCompletor.MoviesNotes.GoogleMovieWebPageParser.TryLoad(IWebDriver driver, String keys) in C:\Users\Administrator\Source\Repos\CineBot\BatchCompletor\MoviesNotes\GoogleMovieWebPageParser.cs:line 95
   at BatchCompletor.MoviesNotes.GoogleMovieWebPageParser.<>c__DisplayClass3_0.<Parse>b__1(<>f__AnonymousType0`2 movie) in C:\Users\Administrator\Source\Repos\CineBot\BatchCompletor\MoviesNotes\GoogleMovieWebPageParser.cs:line 44
2017-05-14 22:46:24.5805 movie : The Run of the Country index : 239 
2017-05-14 22:46:35.2486 Error : OpenQA.Selenium.ElementNotVisibleException: element not visible
  (Session info: chrome=57.0.2987.133)
  (Driver info: chromedriver=2.27.440174 (e97a722caafc2d3a8b807ee115bfb307f7d2cfd9),platform=Windows NT 6.3.9600 x86_64)
   at OpenQA.Selenium.Remote.RemoteWebDriver.UnpackAndThrowOnError(Response errorResponse)
   at OpenQA.Selenium.Remote.RemoteWebDriver.Execute(String driverCommandToExecute, Dictionary`2 parameters)
   at OpenQA.Selenium.Remote.RemoteWebElement.Click()
   at BatchCompletor.MoviesNotes.GoogleMovieWebPageParser.TryLoad(IWebDriver driver, String keys) in C:\Users\Administrator\Source\Repos\CineBot\BatchCompletor\MoviesNotes\GoogleMovieWebPageParser.cs:line 95
   at BatchCompletor.MoviesNotes.GoogleMovieWebPageParser.<>c__DisplayClass3_0.<Parse>b__1(<>f__AnonymousType0`2 movie) in C:\Users\Administrator\Source\Repos\CineBot\BatchCompletor\MoviesNotes\GoogleMovieWebPageParser.cs:line 44
2017-05-14 22:46:45.9799 Error : OpenQA.Selenium.ElementNotVisibleException: element not visible
  (Session info: chrome=57.0.2987.133)
  (Driver info: chromedriver=2.27.440174 (e97a722caafc2d3a8b807ee115bfb307f7d2cfd9),platform=Windows NT 6.3.9600 x86_64)
   at OpenQA.Selenium.Remote.RemoteWebDriver.UnpackAndThrowOnError(Response errorResponse)
   at OpenQA.Selenium.Remote.RemoteWebDriver.Execute(String driverCommandToExecute, Dictionary`2 parameters)
   at OpenQA.Selenium.Remote.RemoteWebElement.Click()
   at BatchCompletor.MoviesNotes.GoogleMovieWebPageParser.TryLoad(IWebDriver driver, String keys) in C:\Users\Administrator\Source\Repos\CineBot\BatchCompletor\MoviesNotes\GoogleMovieWebPageParser.cs:line 95
   at BatchCompletor.MoviesNotes.GoogleMovieWebPageParser.<>c__DisplayClass3_0.<Parse>b__1(<>f__AnonymousType0`2 movie) in C:\Users\Administrator\Source\Repos\CineBot\BatchCompletor\MoviesNotes\GoogleMovieWebPageParser.cs:line 44
2017-05-14 22:47:17.8725 Error : OpenQA.Selenium.ElementNotVisibleException: element not visible
  (Session info: chrome=57.0.2987.133)
  (Driver info: chromedriver=2.27.440174 (e97a722caafc2d3a8b807ee115bfb307f7d2cfd9),platform=Windows NT 6.3.9600 x86_64)
   at OpenQA.Selenium.Remote.RemoteWebDriver.UnpackAndThrowOnError(Response errorResponse)
   at OpenQA.Selenium.Remote.RemoteWebDriver.Execute(String driverCommandToExecute, Dictionary`2 parameters)
   at OpenQA.Selenium.Remote.RemoteWebElement.Click()
   at BatchCompletor.MoviesNotes.GoogleMovieWebPageParser.TryLoad(IWebDriver driver, String keys) in C:\Users\Administrator\Source\Repos\CineBot\BatchCompletor\MoviesNotes\GoogleMovieWebPageParser.cs:line 95
   at BatchCompletor.MoviesNotes.GoogleMovieWebPageParser.<>c__DisplayClass3_0.<Parse>b__1(<>f__AnonymousType0`2 movie) in C:\Users\Administrator\Source\Repos\CineBot\BatchCompletor\MoviesNotes\GoogleMovieWebPageParser.cs:line 45
2017-05-14 22:47:29.5269 Error : OpenQA.Selenium.ElementNotVisibleException: element not visible
  (Session info: chrome=57.0.2987.133)
  (Driver info: chromedriver=2.27.440174 (e97a722caafc2d3a8b807ee115bfb307f7d2cfd9),platform=Windows NT 6.3.9600 x86_64)
   at OpenQA.Selenium.Remote.RemoteWebDriver.UnpackAndThrowOnError(Response errorResponse)
   at OpenQA.Selenium.Remote.RemoteWebDriver.Execute(String driverCommandToExecute, Dictionary`2 parameters)
   at OpenQA.Selenium.Remote.RemoteWebElement.Click()
   at BatchCompletor.MoviesNotes.GoogleMovieWebPageParser.TryLoad(IWebDriver driver, String keys) in C:\Users\Administrator\Source\Repos\CineBot\BatchCompletor\MoviesNotes\GoogleMovieWebPageParser.cs:line 95
   at BatchCompletor.MoviesNotes.GoogleMovieWebPageParser.<>c__DisplayClass3_0.<Parse>b__1(<>f__AnonymousType0`2 movie) in C:\Users\Administrator\Source\Repos\CineBot\BatchCompletor\MoviesNotes\GoogleMovieWebPageParser.cs:line 44
2017-05-14 22:47:40.1723 Error : OpenQA.Selenium.ElementNotVisibleException: element not visible
  (Session info: chrome=57.0.2987.133)
  (Driver info: chromedriver=2.27.440174 (e97a722caafc2d3a8b807ee115bfb307f7d2cfd9),platform=Windows NT 6.3.9600 x86_64)
   at OpenQA.Selenium.Remote.RemoteWebDriver.UnpackAndThrowOnError(Response errorResponse)
   at OpenQA.Selenium.Remote.RemoteWebDriver.Execute(String driverCommandToExecute, Dictionary`2 parameters)
   at OpenQA.Selenium.Remote.RemoteWebElement.Click()
   at BatchCompletor.MoviesNotes.GoogleMovieWebPageParser.TryLoad(IWebDriver driver, String keys) in C:\Users\Administrator\Source\Repos\CineBot\BatchCompletor\MoviesNotes\GoogleMovieWebPageParser.cs:line 95
   at BatchCompletor.MoviesNotes.GoogleMovieWebPageParser.<>c__DisplayClass3_0.<Parse>b__1(<>f__AnonymousType0`2 movie) in C:\Users\Administrator\Source\Repos\CineBot\BatchCompletor\MoviesNotes\GoogleMovieWebPageParser.cs:line 44
2017-05-14 22:47:50.7778 Error : OpenQA.Selenium.ElementNotVisibleException: element not visible
  (Session info: chrome=57.0.2987.133)
  (Driver info: chromedriver=2.27.440174 (e97a722caafc2d3a8b807ee115bfb307f7d2cfd9),platform=Windows NT 6.3.9600 x86_64)
   at OpenQA.Selenium.Remote.RemoteWebDriver.UnpackAndThrowOnError(Response errorResponse)
   at OpenQA.Selenium.Remote.RemoteWebDriver.Execute(String driverCommandToExecute, Dictionary`2 parameters)
   at OpenQA.Selenium.Remote.RemoteWebElement.Click()
   at BatchCompletor.MoviesNotes.GoogleMovieWebPageParser.TryLoad(IWebDriver driver, String keys) in C:\Users\Administrator\Source\Repos\CineBot\BatchCompletor\MoviesNotes\GoogleMovieWebPageParser.cs:line 95
   at BatchCompletor.MoviesNotes.GoogleMovieWebPageParser.<>c__DisplayClass3_0.<Parse>b__1(<>f__AnonymousType0`2 movie) in C:\Users\Administrator\Source\Repos\CineBot\BatchCompletor\MoviesNotes\GoogleMovieWebPageParser.cs:line 44
2017-05-14 22:48:01.4038 Error : OpenQA.Selenium.ElementNotVisibleException: element not visible
  (Session info: chrome=57.0.2987.133)
  (Driver info: chromedriver=2.27.440174 (e97a722caafc2d3a8b807ee115bfb307f7d2cfd9),platform=Windows NT 6.3.9600 x86_64)
   at OpenQA.Selenium.Remote.RemoteWebDriver.UnpackAndThrowOnError(Response errorResponse)
   at OpenQA.Selenium.Remote.RemoteWebDriver.Execute(String driverCommandToExecute, Dictionary`2 parameters)
   at OpenQA.Selenium.Remote.RemoteWebElement.Click()
   at BatchCompletor.MoviesNotes.GoogleMovieWebPageParser.TryLoad(IWebDriver driver, String keys) in C:\Users\Administrator\Source\Repos\CineBot\BatchCompletor\MoviesNotes\GoogleMovieWebPageParser.cs:line 95
   at BatchCompletor.MoviesNotes.GoogleMovieWebPageParser.<>c__DisplayClass3_0.<Parse>b__1(<>f__AnonymousType0`2 movie) in C:\Users\Administrator\Source\Repos\CineBot\BatchCompletor\MoviesNotes\GoogleMovieWebPageParser.cs:line 44
2017-05-14 22:48:12.0219 Error : OpenQA.Selenium.ElementNotVisibleException: element not visible
  (Session info: chrome=57.0.2987.133)
  (Driver info: chromedriver=2.27.440174 (e97a722caafc2d3a8b807ee115bfb307f7d2cfd9),platform=Windows NT 6.3.9600 x86_64)
   at OpenQA.Selenium.Remote.RemoteWebDriver.UnpackAndThrowOnError(Response errorResponse)
   at OpenQA.Selenium.Remote.RemoteWebDriver.Execute(String driverCommandToExecute, Dictionary`2 parameters)
   at OpenQA.Selenium.Remote.RemoteWebElement.Click()
   at BatchCompletor.MoviesNotes.GoogleMovieWebPageParser.TryLoad(IWebDriver driver, String keys) in C:\Users\Administrator\Source\Repos\CineBot\BatchCompletor\MoviesNotes\GoogleMovieWebPageParser.cs:line 95
   at BatchCompletor.MoviesNotes.GoogleMovieWebPageParser.<>c__DisplayClass3_0.<Parse>b__1(<>f__AnonymousType0`2 movie) in C:\Users\Administrator\Source\Repos\CineBot\BatchCompletor\MoviesNotes\GoogleMovieWebPageParser.cs:line 44
2017-05-14 22:48:44.1656 Error : OpenQA.Selenium.ElementNotVisibleException: element not visible
  (Session info: chrome=57.0.2987.133)
  (Driver info: chromedriver=2.27.440174 (e97a722caafc2d3a8b807ee115bfb307f7d2cfd9),platform=Windows NT 6.3.9600 x86_64)
   at OpenQA.Selenium.Remote.RemoteWebDriver.UnpackAndThrowOnError(Response errorResponse)
   at OpenQA.Selenium.Remote.RemoteWebDriver.Execute(String driverCommandToExecute, Dictionary`2 parameters)
   at OpenQA.Selenium.Remote.RemoteWebElement.Click()
   at BatchCompletor.MoviesNotes.GoogleMovieWebPageParser.TryLoad(IWebDriver driver, String keys) in C:\Users\Administrator\Source\Repos\CineBot\BatchCompletor\MoviesNotes\GoogleMovieWebPageParser.cs:line 95
   at BatchCompletor.MoviesNotes.GoogleMovieWebPageParser.<>c__DisplayClass3_0.<Parse>b__1(<>f__AnonymousType0`2 movie) in C:\Users\Administrator\Source\Repos\CineBot\BatchCompletor\MoviesNotes\GoogleMovieWebPageParser.cs:line 45
2017-05-14 22:48:54.8472 Error : OpenQA.Selenium.ElementNotVisibleException: element not visible
  (Session info: chrome=57.0.2987.133)
  (Driver info: chromedriver=2.27.440174 (e97a722caafc2d3a8b807ee115bfb307f7d2cfd9),platform=Windows NT 6.3.9600 x86_64)
   at OpenQA.Selenium.Remote.RemoteWebDriver.UnpackAndThrowOnError(Response errorResponse)
   at OpenQA.Selenium.Remote.RemoteWebDriver.Execute(String driverCommandToExecute, Dictionary`2 parameters)
   at OpenQA.Selenium.Remote.RemoteWebElement.Click()
   at BatchCompletor.MoviesNotes.GoogleMovieWebPageParser.TryLoad(IWebDriver driver, String keys) in C:\Users\Administrator\Source\Repos\CineBot\BatchCompletor\MoviesNotes\GoogleMovieWebPageParser.cs:line 95
   at BatchCompletor.MoviesNotes.GoogleMovieWebPageParser.<>c__DisplayClass3_0.<Parse>b__1(<>f__AnonymousType0`2 movie) in C:\Users\Administrator\Source\Repos\CineBot\BatchCompletor\MoviesNotes\GoogleMovieWebPageParser.cs:line 44
2017-05-14 22:49:05.8013 Error : OpenQA.Selenium.ElementNotVisibleException: element not visible
  (Session info: chrome=57.0.2987.133)
  (Driver info: chromedriver=2.27.440174 (e97a722caafc2d3a8b807ee115bfb307f7d2cfd9),platform=Windows NT 6.3.9600 x86_64)
   at OpenQA.Selenium.Remote.RemoteWebDriver.UnpackAndThrowOnError(Response errorResponse)
   at OpenQA.Selenium.Remote.RemoteWebDriver.Execute(String driverCommandToExecute, Dictionary`2 parameters)
   at OpenQA.Selenium.Remote.RemoteWebElement.Click()
   at BatchCompletor.MoviesNotes.GoogleMovieWebPageParser.TryLoad(IWebDriver driver, String keys) in C:\Users\Administrator\Source\Repos\CineBot\BatchCompletor\MoviesNotes\GoogleMovieWebPageParser.cs:line 95
   at BatchCompletor.MoviesNotes.GoogleMovieWebPageParser.<>c__DisplayClass3_0.<Parse>b__1(<>f__AnonymousType0`2 movie) in C:\Users\Administrator\Source\Repos\CineBot\BatchCompletor\MoviesNotes\GoogleMovieWebPageParser.cs:line 44
2017-05-14 22:49:16.3823 Error : OpenQA.Selenium.ElementNotVisibleException: element not visible
  (Session info: chrome=57.0.2987.133)
  (Driver info: chromedriver=2.27.440174 (e97a722caafc2d3a8b807ee115bfb307f7d2cfd9),platform=Windows NT 6.3.9600 x86_64)
   at OpenQA.Selenium.Remote.RemoteWebDriver.UnpackAndThrowOnError(Response errorResponse)
   at OpenQA.Selenium.Remote.RemoteWebDriver.Execute(String driverCommandToExecute, Dictionary`2 parameters)
   at OpenQA.Selenium.Remote.RemoteWebElement.Click()
   at BatchCompletor.MoviesNotes.GoogleMovieWebPageParser.TryLoad(IWebDriver driver, String keys) in C:\Users\Administrator\Source\Repos\CineBot\BatchCompletor\MoviesNotes\GoogleMovieWebPageParser.cs:line 95
   at BatchCompletor.MoviesNotes.GoogleMovieWebPageParser.<>c__DisplayClass3_0.<Parse>b__1(<>f__AnonymousType0`2 movie) in C:\Users\Administrator\Source\Repos\CineBot\BatchCompletor\MoviesNotes\GoogleMovieWebPageParser.cs:line 44
2017-05-14 22:49:26.9712 Error : OpenQA.Selenium.ElementNotVisibleException: element not visible
  (Session info: chrome=57.0.2987.133)
  (Driver info: chromedriver=2.27.440174 (e97a722caafc2d3a8b807ee115bfb307f7d2cfd9),platform=Windows NT 6.3.9600 x86_64)
   at OpenQA.Selenium.Remote.RemoteWebDriver.UnpackAndThrowOnError(Response errorResponse)
   at OpenQA.Selenium.Remote.RemoteWebDriver.Execute(String driverCommandToExecute, Dictionary`2 parameters)
   at OpenQA.Selenium.Remote.RemoteWebElement.Click()
   at BatchCompletor.MoviesNotes.GoogleMovieWebPageParser.TryLoad(IWebDriver driver, String keys) in C:\Users\Administrator\Source\Repos\CineBot\BatchCompletor\MoviesNotes\GoogleMovieWebPageParser.cs:line 95
   at BatchCompletor.MoviesNotes.GoogleMovieWebPageParser.<>c__DisplayClass3_0.<Parse>b__1(<>f__AnonymousType0`2 movie) in C:\Users\Administrator\Source\Repos\CineBot\BatchCompletor\MoviesNotes\GoogleMovieWebPageParser.cs:line 44
2017-05-14 22:49:38.5434 Error : OpenQA.Selenium.ElementNotVisibleException: element not visible
  (Session info: chrome=57.0.2987.133)
  (Driver info: chromedriver=2.27.440174 (e97a722caafc2d3a8b807ee115bfb307f7d2cfd9),platform=Windows NT 6.3.9600 x86_64)
   at OpenQA.Selenium.Remote.RemoteWebDriver.UnpackAndThrowOnError(Response errorResponse)
   at OpenQA.Selenium.Remote.RemoteWebDriver.Execute(String driverCommandToExecute, Dictionary`2 parameters)
   at OpenQA.Selenium.Remote.RemoteWebElement.Click()
   at BatchCompletor.MoviesNotes.GoogleMovieWebPageParser.TryLoad(IWebDriver driver, String keys) in C:\Users\Administrator\Source\Repos\CineBot\BatchCompletor\MoviesNotes\GoogleMovieWebPageParser.cs:line 95
   at BatchCompletor.MoviesNotes.GoogleMovieWebPageParser.<>c__DisplayClass3_0.<Parse>b__1(<>f__AnonymousType0`2 movie) in C:\Users\Administrator\Source\Repos\CineBot\BatchCompletor\MoviesNotes\GoogleMovieWebPageParser.cs:line 44
2017-05-14 22:49:49.1557 Error : OpenQA.Selenium.ElementNotVisibleException: element not visible
  (Session info: chrome=57.0.2987.133)
  (Driver info: chromedriver=2.27.440174 (e97a722caafc2d3a8b807ee115bfb307f7d2cfd9),platform=Windows NT 6.3.9600 x86_64)
   at OpenQA.Selenium.Remote.RemoteWebDriver.UnpackAndThrowOnError(Response errorResponse)
   at OpenQA.Selenium.Remote.RemoteWebDriver.Execute(String driverCommandToExecute, Dictionary`2 parameters)
   at OpenQA.Selenium.Remote.RemoteWebElement.Click()
   at BatchCompletor.MoviesNotes.GoogleMovieWebPageParser.TryLoad(IWebDriver driver, String keys) in C:\Users\Administrator\Source\Repos\CineBot\BatchCompletor\MoviesNotes\GoogleMovieWebPageParser.cs:line 95
   at BatchCompletor.MoviesNotes.GoogleMovieWebPageParser.<>c__DisplayClass3_0.<Parse>b__1(<>f__AnonymousType0`2 movie) in C:\Users\Administrator\Source\Repos\CineBot\BatchCompletor\MoviesNotes\GoogleMovieWebPageParser.cs:line 44
2017-05-14 22:49:59.7788 Error : OpenQA.Selenium.ElementNotVisibleException: element not visible
  (Session info: chrome=57.0.2987.133)
  (Driver info: chromedriver=2.27.440174 (e97a722caafc2d3a8b807ee115bfb307f7d2cfd9),platform=Windows NT 6.3.9600 x86_64)
   at OpenQA.Selenium.Remote.RemoteWebDriver.UnpackAndThrowOnError(Response errorResponse)
   at OpenQA.Selenium.Remote.RemoteWebDriver.Execute(String driverCommandToExecute, Dictionary`2 parameters)
   at OpenQA.Selenium.Remote.RemoteWebElement.Click()
   at BatchCompletor.MoviesNotes.GoogleMovieWebPageParser.TryLoad(IWebDriver driver, String keys) in C:\Users\Administrator\Source\Repos\CineBot\BatchCompletor\MoviesNotes\GoogleMovieWebPageParser.cs:line 95
   at BatchCompletor.MoviesNotes.GoogleMovieWebPageParser.<>c__DisplayClass3_0.<Parse>b__1(<>f__AnonymousType0`2 movie) in C:\Users\Administrator\Source\Repos\CineBot\BatchCompletor\MoviesNotes\GoogleMovieWebPageParser.cs:line 44
2017-05-14 22:50:10.3823 Error : OpenQA.Selenium.ElementNotVisibleException: element not visible
  (Session info: chrome=57.0.2987.133)
  (Driver info: chromedriver=2.27.440174 (e97a722caafc2d3a8b807ee115bfb307f7d2cfd9),platform=Windows NT 6.3.9600 x86_64)
   at OpenQA.Selenium.Remote.RemoteWebDriver.UnpackAndThrowOnError(Response errorResponse)
   at OpenQA.Selenium.Remote.RemoteWebDriver.Execute(String driverCommandToExecute, Dictionary`2 parameters)
   at OpenQA.Selenium.Remote.RemoteWebElement.Click()
   at BatchCompletor.MoviesNotes.GoogleMovieWebPageParser.TryLoad(IWebDriver driver, String keys) in C:\Users\Administrator\Source\Repos\CineBot\BatchCompletor\MoviesNotes\GoogleMovieWebPageParser.cs:line 95
   at BatchCompletor.MoviesNotes.GoogleMovieWebPageParser.<>c__DisplayClass3_0.<Parse>b__1(<>f__AnonymousType0`2 movie) in C:\Users\Administrator\Source\Repos\CineBot\BatchCompletor\MoviesNotes\GoogleMovieWebPageParser.cs:line 44
2017-05-14 22:50:21.0366 Error : OpenQA.Selenium.ElementNotVisibleException: element not visible
  (Session info: chrome=57.0.2987.133)
  (Driver info: chromedriver=2.27.440174 (e97a722caafc2d3a8b807ee115bfb307f7d2cfd9),platform=Windows NT 6.3.9600 x86_64)
   at OpenQA.Selenium.Remote.RemoteWebDriver.UnpackAndThrowOnError(Response errorResponse)
   at OpenQA.Selenium.Remote.RemoteWebDriver.Execute(String driverCommandToExecute, Dictionary`2 parameters)
   at OpenQA.Selenium.Remote.RemoteWebElement.Click()
   at BatchCompletor.MoviesNotes.GoogleMovieWebPageParser.TryLoad(IWebDriver driver, String keys) in C:\Users\Administrator\Source\Repos\CineBot\BatchCompletor\MoviesNotes\GoogleMovieWebPageParser.cs:line 95
   at BatchCompletor.MoviesNotes.GoogleMovieWebPageParser.<>c__DisplayClass3_0.<Parse>b__1(<>f__AnonymousType0`2 movie) in C:\Users\Administrator\Source\Repos\CineBot\BatchCompletor\MoviesNotes\GoogleMovieWebPageParser.cs:line 44
2017-05-14 22:50:42.3120 movie : The Lost City of Z index : 258 
2017-05-14 22:50:52.9644 Error : OpenQA.Selenium.ElementNotVisibleException: element not visible
  (Session info: chrome=57.0.2987.133)
  (Driver info: chromedriver=2.27.440174 (e97a722caafc2d3a8b807ee115bfb307f7d2cfd9),platform=Windows NT 6.3.9600 x86_64)
   at OpenQA.Selenium.Remote.RemoteWebDriver.UnpackAndThrowOnError(Response errorResponse)
   at OpenQA.Selenium.Remote.RemoteWebDriver.Execute(String driverCommandToExecute, Dictionary`2 parameters)
   at OpenQA.Selenium.Remote.RemoteWebElement.Click()
   at BatchCompletor.MoviesNotes.GoogleMovieWebPageParser.TryLoad(IWebDriver driver, String keys) in C:\Users\Administrator\Source\Repos\CineBot\BatchCompletor\MoviesNotes\GoogleMovieWebPageParser.cs:line 95
   at BatchCompletor.MoviesNotes.GoogleMovieWebPageParser.<>c__DisplayClass3_0.<Parse>b__1(<>f__AnonymousType0`2 movie) in C:\Users\Administrator\Source\Repos\CineBot\BatchCompletor\MoviesNotes\GoogleMovieWebPageParser.cs:line 44
2017-05-14 22:51:14.1870 movie : Bienvenue à Madagascar index : 260 
2017-05-14 22:51:25.0093 Error : OpenQA.Selenium.ElementNotVisibleException: element not visible
  (Session info: chrome=57.0.2987.133)
  (Driver info: chromedriver=2.27.440174 (e97a722caafc2d3a8b807ee115bfb307f7d2cfd9),platform=Windows NT 6.3.9600 x86_64)
   at OpenQA.Selenium.Remote.RemoteWebDriver.UnpackAndThrowOnError(Response errorResponse)
   at OpenQA.Selenium.Remote.RemoteWebDriver.Execute(String driverCommandToExecute, Dictionary`2 parameters)
   at OpenQA.Selenium.Remote.RemoteWebElement.Click()
   at BatchCompletor.MoviesNotes.GoogleMovieWebPageParser.TryLoad(IWebDriver driver, String keys) in C:\Users\Administrator\Source\Repos\CineBot\BatchCompletor\MoviesNotes\GoogleMovieWebPageParser.cs:line 95
   at BatchCompletor.MoviesNotes.GoogleMovieWebPageParser.<>c__DisplayClass3_0.<Parse>b__1(<>f__AnonymousType0`2 movie) in C:\Users\Administrator\Source\Repos\CineBot\BatchCompletor\MoviesNotes\GoogleMovieWebPageParser.cs:line 44
2017-05-14 22:51:47.3950 movie : Vénéneuses index : 262 
2017-05-14 22:51:58.1441 Error : OpenQA.Selenium.ElementNotVisibleException: element not visible
  (Session info: chrome=57.0.2987.133)
  (Driver info: chromedriver=2.27.440174 (e97a722caafc2d3a8b807ee115bfb307f7d2cfd9),platform=Windows NT 6.3.9600 x86_64)
   at OpenQA.Selenium.Remote.RemoteWebDriver.UnpackAndThrowOnError(Response errorResponse)
   at OpenQA.Selenium.Remote.RemoteWebDriver.Execute(String driverCommandToExecute, Dictionary`2 parameters)
   at OpenQA.Selenium.Remote.RemoteWebElement.Click()
   at BatchCompletor.MoviesNotes.GoogleMovieWebPageParser.TryLoad(IWebDriver driver, String keys) in C:\Users\Administrator\Source\Repos\CineBot\BatchCompletor\MoviesNotes\GoogleMovieWebPageParser.cs:line 95
   at BatchCompletor.MoviesNotes.GoogleMovieWebPageParser.<>c__DisplayClass3_0.<Parse>b__1(<>f__AnonymousType0`2 movie) in C:\Users\Administrator\Source\Repos\CineBot\BatchCompletor\MoviesNotes\GoogleMovieWebPageParser.cs:line 44
2017-05-14 22:52:08.7847 Error : OpenQA.Selenium.ElementNotVisibleException: element not visible
  (Session info: chrome=57.0.2987.133)
  (Driver info: chromedriver=2.27.440174 (e97a722caafc2d3a8b807ee115bfb307f7d2cfd9),platform=Windows NT 6.3.9600 x86_64)
   at OpenQA.Selenium.Remote.RemoteWebDriver.UnpackAndThrowOnError(Response errorResponse)
   at OpenQA.Selenium.Remote.RemoteWebDriver.Execute(String driverCommandToExecute, Dictionary`2 parameters)
   at OpenQA.Selenium.Remote.RemoteWebElement.Click()
   at BatchCompletor.MoviesNotes.GoogleMovieWebPageParser.TryLoad(IWebDriver driver, String keys) in C:\Users\Administrator\Source\Repos\CineBot\BatchCompletor\MoviesNotes\GoogleMovieWebPageParser.cs:line 95
   at BatchCompletor.MoviesNotes.GoogleMovieWebPageParser.<>c__DisplayClass3_0.<Parse>b__1(<>f__AnonymousType0`2 movie) in C:\Users\Administrator\Source\Repos\CineBot\BatchCompletor\MoviesNotes\GoogleMovieWebPageParser.cs:line 44
2017-05-14 22:52:19.4438 Error : OpenQA.Selenium.ElementNotVisibleException: element not visible
  (Session info: chrome=57.0.2987.133)
  (Driver info: chromedriver=2.27.440174 (e97a722caafc2d3a8b807ee115bfb307f7d2cfd9),platform=Windows NT 6.3.9600 x86_64)
   at OpenQA.Selenium.Remote.RemoteWebDriver.UnpackAndThrowOnError(Response errorResponse)
   at OpenQA.Selenium.Remote.RemoteWebDriver.Execute(String driverCommandToExecute, Dictionary`2 parameters)
   at OpenQA.Selenium.Remote.RemoteWebElement.Click()
   at BatchCompletor.MoviesNotes.GoogleMovieWebPageParser.TryLoad(IWebDriver driver, String keys) in C:\Users\Administrator\Source\Repos\CineBot\BatchCompletor\MoviesNotes\GoogleMovieWebPageParser.cs:line 95
   at BatchCompletor.MoviesNotes.GoogleMovieWebPageParser.<>c__DisplayClass3_0.<Parse>b__1(<>f__AnonymousType0`2 movie) in C:\Users\Administrator\Source\Repos\CineBot\BatchCompletor\MoviesNotes\GoogleMovieWebPageParser.cs:line 44
2017-05-14 22:52:30.1401 Error : OpenQA.Selenium.ElementNotVisibleException: element not visible
  (Session info: chrome=57.0.2987.133)
  (Driver info: chromedriver=2.27.440174 (e97a722caafc2d3a8b807ee115bfb307f7d2cfd9),platform=Windows NT 6.3.9600 x86_64)
   at OpenQA.Selenium.Remote.RemoteWebDriver.UnpackAndThrowOnError(Response errorResponse)
   at OpenQA.Selenium.Remote.RemoteWebDriver.Execute(String driverCommandToExecute, Dictionary`2 parameters)
   at OpenQA.Selenium.Remote.RemoteWebElement.Click()
   at BatchCompletor.MoviesNotes.GoogleMovieWebPageParser.TryLoad(IWebDriver driver, String keys) in C:\Users\Administrator\Source\Repos\CineBot\BatchCompletor\MoviesNotes\GoogleMovieWebPageParser.cs:line 95
   at BatchCompletor.MoviesNotes.GoogleMovieWebPageParser.<>c__DisplayClass3_0.<Parse>b__1(<>f__AnonymousType0`2 movie) in C:\Users\Administrator\Source\Repos\CineBot\BatchCompletor\MoviesNotes\GoogleMovieWebPageParser.cs:line 44
2017-05-14 22:52:40.7573 Error : OpenQA.Selenium.ElementNotVisibleException: element not visible
  (Session info: chrome=57.0.2987.133)
  (Driver info: chromedriver=2.27.440174 (e97a722caafc2d3a8b807ee115bfb307f7d2cfd9),platform=Windows NT 6.3.9600 x86_64)
   at OpenQA.Selenium.Remote.RemoteWebDriver.UnpackAndThrowOnError(Response errorResponse)
   at OpenQA.Selenium.Remote.RemoteWebDriver.Execute(String driverCommandToExecute, Dictionary`2 parameters)
   at OpenQA.Selenium.Remote.RemoteWebElement.Click()
   at BatchCompletor.MoviesNotes.GoogleMovieWebPageParser.TryLoad(IWebDriver driver, String keys) in C:\Users\Administrator\Source\Repos\CineBot\BatchCompletor\MoviesNotes\GoogleMovieWebPageParser.cs:line 95
   at BatchCompletor.MoviesNotes.GoogleMovieWebPageParser.<>c__DisplayClass3_0.<Parse>b__1(<>f__AnonymousType0`2 movie) in C:\Users\Administrator\Source\Repos\CineBot\BatchCompletor\MoviesNotes\GoogleMovieWebPageParser.cs:line 44
2017-05-14 22:52:51.3161 Error : OpenQA.Selenium.ElementNotVisibleException: element not visible
  (Session info: chrome=57.0.2987.133)
  (Driver info: chromedriver=2.27.440174 (e97a722caafc2d3a8b807ee115bfb307f7d2cfd9),platform=Windows NT 6.3.9600 x86_64)
   at OpenQA.Selenium.Remote.RemoteWebDriver.UnpackAndThrowOnError(Response errorResponse)
   at OpenQA.Selenium.Remote.RemoteWebDriver.Execute(String driverCommandToExecute, Dictionary`2 parameters)
   at OpenQA.Selenium.Remote.RemoteWebElement.Click()
   at BatchCompletor.MoviesNotes.GoogleMovieWebPageParser.TryLoad(IWebDriver driver, String keys) in C:\Users\Administrator\Source\Repos\CineBot\BatchCompletor\MoviesNotes\GoogleMovieWebPageParser.cs:line 95
   at BatchCompletor.MoviesNotes.GoogleMovieWebPageParser.<>c__DisplayClass3_0.<Parse>b__1(<>f__AnonymousType0`2 movie) in C:\Users\Administrator\Source\Repos\CineBot\BatchCompletor\MoviesNotes\GoogleMovieWebPageParser.cs:line 44
2017-05-14 22:53:01.8980 Error : OpenQA.Selenium.ElementNotVisibleException: element not visible
  (Session info: chrome=57.0.2987.133)
  (Driver info: chromedriver=2.27.440174 (e97a722caafc2d3a8b807ee115bfb307f7d2cfd9),platform=Windows NT 6.3.9600 x86_64)
   at OpenQA.Selenium.Remote.RemoteWebDriver.UnpackAndThrowOnError(Response errorResponse)
   at OpenQA.Selenium.Remote.RemoteWebDriver.Execute(String driverCommandToExecute, Dictionary`2 parameters)
   at OpenQA.Selenium.Remote.RemoteWebElement.Click()
   at BatchCompletor.MoviesNotes.GoogleMovieWebPageParser.TryLoad(IWebDriver driver, String keys) in C:\Users\Administrator\Source\Repos\CineBot\BatchCompletor\MoviesNotes\GoogleMovieWebPageParser.cs:line 95
   at BatchCompletor.MoviesNotes.GoogleMovieWebPageParser.<>c__DisplayClass3_0.<Parse>b__1(<>f__AnonymousType0`2 movie) in C:\Users\Administrator\Source\Repos\CineBot\BatchCompletor\MoviesNotes\GoogleMovieWebPageParser.cs:line 44
2017-05-14 22:53:12.4585 Error : OpenQA.Selenium.ElementNotVisibleException: element not visible
  (Session info: chrome=57.0.2987.133)
  (Driver info: chromedriver=2.27.440174 (e97a722caafc2d3a8b807ee115bfb307f7d2cfd9),platform=Windows NT 6.3.9600 x86_64)
   at OpenQA.Selenium.Remote.RemoteWebDriver.UnpackAndThrowOnError(Response errorResponse)
   at OpenQA.Selenium.Remote.RemoteWebDriver.Execute(String driverCommandToExecute, Dictionary`2 parameters)
   at OpenQA.Selenium.Remote.RemoteWebElement.Click()
   at BatchCompletor.MoviesNotes.GoogleMovieWebPageParser.TryLoad(IWebDriver driver, String keys) in C:\Users\Administrator\Source\Repos\CineBot\BatchCompletor\MoviesNotes\GoogleMovieWebPageParser.cs:line 95
   at BatchCompletor.MoviesNotes.GoogleMovieWebPageParser.<>c__DisplayClass3_0.<Parse>b__1(<>f__AnonymousType0`2 movie) in C:\Users\Administrator\Source\Repos\CineBot\BatchCompletor\MoviesNotes\GoogleMovieWebPageParser.cs:line 44
2017-05-14 22:53:23.0757 Error : OpenQA.Selenium.ElementNotVisibleException: element not visible
  (Session info: chrome=57.0.2987.133)
  (Driver info: chromedriver=2.27.440174 (e97a722caafc2d3a8b807ee115bfb307f7d2cfd9),platform=Windows NT 6.3.9600 x86_64)
   at OpenQA.Selenium.Remote.RemoteWebDriver.UnpackAndThrowOnError(Response errorResponse)
   at OpenQA.Selenium.Remote.RemoteWebDriver.Execute(String driverCommandToExecute, Dictionary`2 parameters)
   at OpenQA.Selenium.Remote.RemoteWebElement.Click()
   at BatchCompletor.MoviesNotes.GoogleMovieWebPageParser.TryLoad(IWebDriver driver, String keys) in C:\Users\Administrator\Source\Repos\CineBot\BatchCompletor\MoviesNotes\GoogleMovieWebPageParser.cs:line 95
   at BatchCompletor.MoviesNotes.GoogleMovieWebPageParser.<>c__DisplayClass3_0.<Parse>b__1(<>f__AnonymousType0`2 movie) in C:\Users\Administrator\Source\Repos\CineBot\BatchCompletor\MoviesNotes\GoogleMovieWebPageParser.cs:line 44
2017-05-14 22:53:56.2007 Error : OpenQA.Selenium.ElementNotVisibleException: element not visible
  (Session info: chrome=57.0.2987.133)
  (Driver info: chromedriver=2.27.440174 (e97a722caafc2d3a8b807ee115bfb307f7d2cfd9),platform=Windows NT 6.3.9600 x86_64)
   at OpenQA.Selenium.Remote.RemoteWebDriver.UnpackAndThrowOnError(Response errorResponse)
   at OpenQA.Selenium.Remote.RemoteWebDriver.Execute(String driverCommandToExecute, Dictionary`2 parameters)
   at OpenQA.Selenium.Remote.RemoteWebElement.Click()
   at BatchCompletor.MoviesNotes.GoogleMovieWebPageParser.TryLoad(IWebDriver driver, String keys) in C:\Users\Administrator\Source\Repos\CineBot\BatchCompletor\MoviesNotes\GoogleMovieWebPageParser.cs:line 95
   at BatchCompletor.MoviesNotes.GoogleMovieWebPageParser.<>c__DisplayClass3_0.<Parse>b__1(<>f__AnonymousType0`2 movie) in C:\Users\Administrator\Source\Repos\CineBot\BatchCompletor\MoviesNotes\GoogleMovieWebPageParser.cs:line 45
